<html>
	<head>
		<style>

			body {
				font-family: sans-serif;
			}

			.TestCaseImplTitle {
				color: blue;
				font: 0.85em arial;
				font-weight: bold;
			}

			.TestCaseImpl .TestItemTitle {
				color: blue;
				border-top: 2px solid blue;
				border-bottom: 2px solid blue;
				margin-bottom: 0.5em;
			}

			.TestCaseImpl .TestItemOutcome {
				border-top: 2px solid blue;
				border-bottom: 2px solid blue;
			}

			.ApiCallImpl .TestItemTitle{
				color: blue;
				border-top: 1px solid blue;
				border-bottom: 1px solid blue;
				padding-top: 0.1em;
				padding-bottom: 0.1em;
				margin-top: 0.25em;
				margin-bottom: 0.25em;
			}

			.ApiCallImpl .TestItemOutcome {
				border-top: 1px solid blue;
				border-bottom: 1px solid blue;
				padding-top: 0.1em;
				padding-bottom: 0.1em;
				margin-top: 0.25em;
			}

			.TestItemOutcome {
				padding-left: 20px;
				padding-top: 0.1em;
				padding-bottom: 0.1em;
				clear: both;
			}
			
			.TestItemOutcome.Successful {
				color: green;
				background: url('../../../../successful_16x16.gif') no-repeat 0 0.15em;
			}

			.TestItemOutcome.Failed {
				color: red;
				background: url('../../../../failed_16x16.gif') no-repeat 0 0.15em;
				font-weight: bold;
			}

			.TestItemOutcome.Skipped {
				color: orange;
				background: url('../../../../skipped_16x16.gif') no-repeat 0 0.15em;
			}

			.TestOutput {
				font: 0.9em arial;
				color: black;
				margin-top: 0.15em;
				margin-bottom: 0.15em;
			}

			.TestOutput.err {
				font-weight: bold;
				color: red;
			}

			.TestOutput.war {
				font-weight: bold;
				color: orange;
			}

			.ApiCallImpl{
				margin-left: 1em;
				margin-bottom: 0.4em;
			}

			.TestCaseCallImpl{
				margin-left: 1em;
				margin-bottom: 0.4em;
			}
			
		</style>
	</head>
	<body><div id='detail-body'>
	<div style='float: right;'><img src='../../../..//provar_logo_400x100.png' height='50'/></div>
<h2><img src='../../../..//testcase_16x16.png' style='height: 24; padding-top: 4px;'/> B_NITwoWeeklyCatBTestScript.testcase</h2>
<div class='TestCaseImpl'><div class='TestItemTitle'><div style='float: right; font-size: 0.8em;'><img src='../../../..//timer_16x16.gif' style='height: 16; padding-top: 2px;'/><span style='padding-bottom: 2px;'>16:19:18 (00:00.000)</span></div>Start of Test Case B_NITwoWeeklyCatBTestScript.testcase</div><div class='ApiCallImpl'><div class='TestItemTitle'><div style='float: right; font-size: 0.8em;'><img src='../../../..//timer_16x16.gif' style='height: 16; padding-top: 2px;'/><span style='padding-bottom: 2px;'>16:19:18 (00:00.046)</span></div>Start of Test Step Salesforce Connect: Admin (Test)</div><div class='TestOutput off'>Salesforce connection opened successfully.  Connection name: Admin, ResultName: Admin, resultScope: Test</div><div class='TestItemOutcome Successful'><div style='float: right; font-size: 0.8em;'><img src='../../../..//timer_16x16.gif' style='height: 16; padding-top: 2px;'/><span style='padding-bottom: 2px;'>16:19:21 (00:03.422)</span></div>Test Step successful.</div></div><div class='ApiCallImpl'><div class='TestItemTitle'><div style='float: right; font-size: 0.8em;'><img src='../../../..//timer_16x16.gif' style='height: 16; padding-top: 2px;'/><span style='padding-bottom: 2px;'>16:19:21 (00:03.422)</span></div>Start of Test Step Click On Payroll Link</div><div class='ApiCallImpl'><div class='TestItemTitle'><div style='float: right; font-size: 0.8em;'><img src='../../../..//timer_16x16.gif' style='height: 16; padding-top: 2px;'/><span style='padding-bottom: 2px;'>16:19:21 (00:03.427)</span></div>Start of Test Step Sleep for {15} seconds</div><div class='TestOutput off'>Timed sleep successful.  Requested duration(seconds): 15, Actual duration(seconds): 15</div><div class='TestItemOutcome Successful'><div style='float: right; font-size: 0.8em;'><img src='../../../..//timer_16x16.gif' style='height: 16; padding-top: 2px;'/><span style='padding-bottom: 2px;'>16:19:36 (00:18.435)</span></div>Test Step successful.</div></div><div class='ApiCallImpl'><div class='TestItemTitle'><div style='float: right; font-size: 0.8em;'><img src='../../../..//timer_16x16.gif' style='height: 16; padding-top: 2px;'/><span style='padding-bottom: 2px;'>16:19:36 (00:18.435)</span></div>Start of Test Step On PayrollTab page</div><div class='ApiCallImpl'><div class='TestItemTitle'><div style='float: right; font-size: 0.8em;'><img src='../../../..//timer_16x16.gif' style='height: 16; padding-top: 2px;'/><span style='padding-bottom: 2px;'>16:19:50 (00:32.804)</span></div>Start of Test Step Click the Payroll Tab</div><div class='TestItemOutcome Successful'><div style='float: right; font-size: 0.8em;'><img src='../../../..//timer_16x16.gif' style='height: 16; padding-top: 2px;'/><span style='padding-bottom: 2px;'>16:19:51 (00:33.163)</span></div>Test Step successful.</div></div><div class='ApiCallImpl'><div class='TestItemTitle'><div style='float: right; font-size: 0.8em;'><img src='../../../..//timer_16x16.gif' style='height: 16; padding-top: 2px;'/><span style='padding-bottom: 2px;'>16:19:51 (00:33.163)</span></div>Start of Test Step Sleep for {20} seconds</div><div class='TestOutput off'>Timed sleep successful.  Requested duration(seconds): 20, Actual duration(seconds): 20</div><div class='TestItemOutcome Successful'><div style='float: right; font-size: 0.8em;'><img src='../../../..//timer_16x16.gif' style='height: 16; padding-top: 2px;'/><span style='padding-bottom: 2px;'>16:20:11 (00:53.176)</span></div>Test Step successful.</div></div><div class='TestItemOutcome Successful'><div style='float: right; font-size: 0.8em;'><img src='../../../..//timer_16x16.gif' style='height: 16; padding-top: 2px;'/><span style='padding-bottom: 2px;'>16:20:13 (00:55.224)</span></div>Test Step successful.</div></div><div class='ApiCallImpl'><div class='TestItemTitle'><div style='float: right; font-size: 0.8em;'><img src='../../../..//timer_16x16.gif' style='height: 16; padding-top: 2px;'/><span style='padding-bottom: 2px;'>16:20:13 (00:55.224)</span></div>Start of Test Step On SF xcdhcm__Payroll page with pageobject Xcdhcm__ Payroll</div><div class='ApiCallImpl'><div class='TestItemTitle'><div style='float: right; font-size: 0.8em;'><img src='../../../..//timer_16x16.gif' style='height: 16; padding-top: 2px;'/><span style='padding-bottom: 2px;'>16:20:18 (01:00.422)</span></div>Start of Test Step UI Assert</div><div class='TestItemOutcome Successful'><div style='float: right; font-size: 0.8em;'><img src='../../../..//timer_16x16.gif' style='height: 16; padding-top: 2px;'/><span style='padding-bottom: 2px;'>16:20:20 (01:01.868)</span></div>Test Step successful.</div></div><div class='TestItemOutcome Successful'><div style='float: right; font-size: 0.8em;'><img src='../../../..//timer_16x16.gif' style='height: 16; padding-top: 2px;'/><span style='padding-bottom: 2px;'>16:20:22 (01:03.899)</span></div>Test Step successful.</div></div><div class='TestItemOutcome Successful'><div style='float: right; font-size: 0.8em;'><img src='../../../..//timer_16x16.gif' style='height: 16; padding-top: 2px;'/><span style='padding-bottom: 2px;'>16:20:22 (01:03.902)</span></div>Test Step successful.</div></div><div class='ApiCallImpl'><div class='TestItemTitle'><div style='float: right; font-size: 0.8em;'><img src='../../../..//timer_16x16.gif' style='height: 16; padding-top: 2px;'/><span style='padding-bottom: 2px;'>16:20:22 (01:03.902)</span></div>Start of Test Step On SF xcdhcm__Payroll page with pageobject Xcdhcm__ Payroll</div><div class='ApiCallImpl'><div class='TestItemTitle'><div style='float: right; font-size: 0.8em;'><img src='../../../..//timer_16x16.gif' style='height: 16; padding-top: 2px;'/><span style='padding-bottom: 2px;'>16:20:22 (01:04.052)</span></div>Start of Test Step Set the Search field to NIWCA_Payroll</div><div class='TestOutput off'>Background activity wait successful.  Actual duration(seconds): 0.256</div><div class='TestItemOutcome Successful'><div style='float: right; font-size: 0.8em;'><img src='../../../..//timer_16x16.gif' style='height: 16; padding-top: 2px;'/><span style='padding-bottom: 2px;'>16:20:32 (01:14.635)</span></div>Test Step successful.</div></div><div class='ApiCallImpl'><div class='TestItemTitle'><div style='float: right; font-size: 0.8em;'><img src='../../../..//timer_16x16.gif' style='height: 16; padding-top: 2px;'/><span style='padding-bottom: 2px;'>16:20:32 (01:14.636)</span></div>Start of Test Step Click the NIWCA_Payroll Payroll button</div><div class='TestOutput off'>Background activity wait successful.  Actual duration(seconds): 0.370</div><div class='TestItemOutcome Successful'><div style='float: right; font-size: 0.8em;'><img src='../../../..//timer_16x16.gif' style='height: 16; padding-top: 2px;'/><span style='padding-bottom: 2px;'>16:20:53 (01:35.307)</span></div>Test Step successful.</div></div><div class='TestItemOutcome Successful'><div style='float: right; font-size: 0.8em;'><img src='../../../..//timer_16x16.gif' style='height: 16; padding-top: 2px;'/><span style='padding-bottom: 2px;'>16:20:55 (01:37.351)</span></div>Test Step successful.</div></div><div class='ApiCallImpl'><div class='TestItemTitle'><div style='float: right; font-size: 0.8em;'><img src='../../../..//timer_16x16.gif' style='height: 16; padding-top: 2px;'/><span style='padding-bottom: 2px;'>16:20:55 (01:37.351)</span></div>Start of Test Step On SF xcdhcm__PayrollDetailView page with pageobject Pay Run Table VF Page</div><div class='ApiCallImpl'><div class='TestItemTitle'><div style='float: right; font-size: 0.8em;'><img src='../../../..//timer_16x16.gif' style='height: 16; padding-top: 2px;'/><span style='padding-bottom: 2px;'>16:21:00 (01:42.734)</span></div>Start of Test Step Sleep for {10} seconds</div><div class='TestOutput off'>Timed sleep successful.  Requested duration(seconds): 10, Actual duration(seconds): 10</div><div class='TestItemOutcome Successful'><div style='float: right; font-size: 0.8em;'><img src='../../../..//timer_16x16.gif' style='height: 16; padding-top: 2px;'/><span style='padding-bottom: 2px;'>16:21:10 (01:52.741)</span></div>Test Step successful.</div></div><div class='ApiCallImpl'><div class='TestItemTitle'><div style='float: right; font-size: 0.8em;'><img src='../../../..//timer_16x16.gif' style='height: 16; padding-top: 2px;'/><span style='padding-bottom: 2px;'>16:21:10 (01:52.741)</span></div>Start of Test Step With Pay Roll Table rows 1</div><div class='ApiCallImpl'><div class='TestItemTitle'><div style='float: right; font-size: 0.8em;'><img src='../../../..//timer_16x16.gif' style='height: 16; padding-top: 2px;'/><span style='padding-bottom: 2px;'>16:21:11 (01:52.924)</span></div>Start of Test Step Reading PayRun</div><div class='TestItemOutcome Successful'><div style='float: right; font-size: 0.8em;'><img src='../../../..//timer_16x16.gif' style='height: 16; padding-top: 2px;'/><span style='padding-bottom: 2px;'>16:21:11 (01:53.336)</span></div>Test Step successful.</div></div><div class='TestItemOutcome Successful'><div style='float: right; font-size: 0.8em;'><img src='../../../..//timer_16x16.gif' style='height: 16; padding-top: 2px;'/><span style='padding-bottom: 2px;'>16:21:11 (01:53.354)</span></div>Test Step successful.</div></div><div class='ApiCallImpl'><div class='TestItemTitle'><div style='float: right; font-size: 0.8em;'><img src='../../../..//timer_16x16.gif' style='height: 16; padding-top: 2px;'/><span style='padding-bottom: 2px;'>16:21:11 (01:53.354)</span></div>Start of Test Step If: {Payrun.fields.payRun.value = "Week-1"}</div><div class='TestClauseImpl'><div class='TestItemTitle'><div style='float: right; font-size: 0.8em;'><img src='../../../..//timer_16x16.gif' style='height: 16; padding-top: 2px;'/><span style='padding-bottom: 2px;'>16:21:11 (01:53.357)</span></div>Start of TestClauseImpl Then</div><div class='ApiCallImpl'><div class='TestItemTitle'><div style='float: right; font-size: 0.8em;'><img src='../../../..//timer_16x16.gif' style='height: 16; padding-top: 2px;'/><span style='padding-bottom: 2px;'>16:21:11 (01:53.357)</span></div>Start of Test Step With Pay Roll Table rows 1</div><div class='ApiCallImpl'><div class='TestItemTitle'><div style='float: right; font-size: 0.8em;'><img src='../../../..//timer_16x16.gif' style='height: 16; padding-top: 2px;'/><span style='padding-bottom: 2px;'>16:21:11 (01:53.552)</span></div>Start of Test Step Reading Status</div><div class='TestItemOutcome Successful'><div style='float: right; font-size: 0.8em;'><img src='../../../..//timer_16x16.gif' style='height: 16; padding-top: 2px;'/><span style='padding-bottom: 2px;'>16:21:12 (01:54.034)</span></div>Test Step successful.</div></div><div class='TestItemOutcome Successful'><div style='float: right; font-size: 0.8em;'><img src='../../../..//timer_16x16.gif' style='height: 16; padding-top: 2px;'/><span style='padding-bottom: 2px;'>16:21:12 (01:54.061)</span></div>Test Step successful.</div></div><div class='ApiCallImpl'><div class='TestItemTitle'>Test Step If: {Status.fields.status.value = "Draft"} SKIPPED</div></div><div class='ApiCallImpl'><div class='TestItemTitle'><div style='float: right; font-size: 0.8em;'><img src='../../../..//timer_16x16.gif' style='height: 16; padding-top: 2px;'/><span style='padding-bottom: 2px;'>16:21:12 (01:54.061)</span></div>Start of Test Step With Pay Roll Table rows 1</div><div class='ApiCallImpl'><div class='TestItemTitle'><div style='float: right; font-size: 0.8em;'><img src='../../../..//timer_16x16.gif' style='height: 16; padding-top: 2px;'/><span style='padding-bottom: 2px;'>16:21:12 (01:54.208)</span></div>Start of Test Step Click the Pay Run button</div><div class='TestItemOutcome Successful'><div style='float: right; font-size: 0.8em;'><img src='../../../..//timer_16x16.gif' style='height: 16; padding-top: 2px;'/><span style='padding-bottom: 2px;'>16:21:12 (01:54.425)</span></div>Test Step successful.</div></div><div class='TestItemOutcome Successful'><div style='float: right; font-size: 0.8em;'><img src='../../../..//timer_16x16.gif' style='height: 16; padding-top: 2px;'/><span style='padding-bottom: 2px;'>16:21:12 (01:54.447)</span></div>Test Step successful.</div></div><div class='TestItemOutcome Successful'><div style='float: right; font-size: 0.8em;'><img src='../../../..//timer_16x16.gif' style='height: 16; padding-top: 2px;'/><span style='padding-bottom: 2px;'>16:21:12 (01:54.447)</span></div>TestClauseImpl successful.</div></div><div class='TestItemOutcome Successful'><div style='float: right; font-size: 0.8em;'><img src='../../../..//timer_16x16.gif' style='height: 16; padding-top: 2px;'/><span style='padding-bottom: 2px;'>16:21:12 (01:54.447)</span></div>Test Step successful.</div></div><div class='TestItemOutcome Successful'><div style='float: right; font-size: 0.8em;'><img src='../../../..//timer_16x16.gif' style='height: 16; padding-top: 2px;'/><span style='padding-bottom: 2px;'>16:21:14 (01:56.489)</span></div>Test Step successful.</div></div><div class='ApiCallImpl'><div class='TestItemTitle'><div style='float: right; font-size: 0.8em;'><img src='../../../..//timer_16x16.gif' style='height: 16; padding-top: 2px;'/><span style='padding-bottom: 2px;'>16:21:14 (01:56.489)</span></div>Start of Test Step On SF xcdhcm__PayrollPeriod page with pageobject Xcdhcm__ Payroll Period</div><div class='ApiCallImpl'><div class='TestItemTitle'><div style='float: right; font-size: 0.8em;'><img src='../../../..//timer_16x16.gif' style='height: 16; padding-top: 2px;'/><span style='padding-bottom: 2px;'>16:21:19 (02:01.676)</span></div>Start of Test Step Navigate: Refresh</div><div class='TestItemOutcome Successful'><div style='float: right; font-size: 0.8em;'><img src='../../../..//timer_16x16.gif' style='height: 16; padding-top: 2px;'/><span style='padding-bottom: 2px;'>16:21:20 (02:02.488)</span></div>Test Step successful.</div></div><div class='ApiCallImpl'><div class='TestItemTitle'><div style='float: right; font-size: 0.8em;'><img src='../../../..//timer_16x16.gif' style='height: 16; padding-top: 2px;'/><span style='padding-bottom: 2px;'>16:21:20 (02:02.488)</span></div>Start of Test Step Sleep for {15} seconds</div><div class='TestOutput off'>Timed sleep successful.  Requested duration(seconds): 15, Actual duration(seconds): 15</div><div class='TestItemOutcome Successful'><div style='float: right; font-size: 0.8em;'><img src='../../../..//timer_16x16.gif' style='height: 16; padding-top: 2px;'/><span style='padding-bottom: 2px;'>16:21:35 (02:17.497)</span></div>Test Step successful.</div></div><div class='ApiCallImpl'><div class='TestItemTitle'><div style='float: right; font-size: 0.8em;'><img src='../../../..//timer_16x16.gif' style='height: 16; padding-top: 2px;'/><span style='padding-bottom: 2px;'>16:21:35 (02:17.497)</span></div>Start of Test Step Uncheck the Payroll Set Up Un Select field</div><div class='TestOutput sev'>[WebDriverException: chrome not reachable&lt;br/&gt;  (Session info: chrome=75.0.3770.100)&lt;br/&gt;  (Driver info: chromedriver=2.46.628402 (536cd7adbad73a3783fdc2cab92ab2ba7ec361e1),platform=Windows NT 10.0.17763 x86_64) (WARNING: The server did not provide any stacktrace information)&lt;br/&gt;Command duration or timeout: 252 milliseconds&lt;br/&gt;Build info: version: 'unknown', revision: 'unknown', time: 'unknown'&lt;br/&gt;System info: host: 'XCD_92WLKP2', ip: '192.168.1.103', os.name: 'Windows 10', os.arch: 'amd64', os.version: '10.0', java.version: '1.8.0_191'&lt;br/&gt;Driver info: org.openqa.selenium.chrome.ChromeDriver&lt;br/&gt;Capabilities [{mobileEmulationEnabled=false, timeouts={implicit=0.0, pageLoad=300000.0, script=30000.0}, hasTouchScreen=false, platform=XP, acceptSslCerts=false, goog:chromeOptions={debuggerAddress=localhost:63186}, acceptInsecureCerts=false, webStorageEnabled=true, browserName=chrome, takesScreenshot=true, javascriptEnabled=true, setWindowRect=true, unexpectedAlertBehaviour=ignore, applicationCacheEnabled=false, rotatable=false, networkConnectionEnabled=false, chrome={chromedriverVersion=2.46.628402 (536cd7adbad73a3783fdc2cab92ab2ba7ec361e1), userDataDir=C:\Users\AzizMugdal\git\24-7PeopleXCDPayroll\.provarCaches\.chromeProfiles\profile1}, takesHeapSnapshot=true, pageLoadStrategy=normal, strictFileInteractability=false, databaseEnabled=false, handlesAlerts=true, version=75.0.3770.100, browserConnectionEnabled=false, proxy=Proxy(direct), nativeEvents=true, locationContextEnabled=true, cssSelectorsEnabled=true}]&lt;br/&gt;Session ID: bc326da7b0c9526a093ca3f35fcd178d]</div><div class='TestItemOutcome Failed'><div style='float: right; font-size: 0.8em;'><img src='../../../..//timer_16x16.gif' style='height: 16; padding-top: 2px;'/><span style='padding-bottom: 2px;'>16:21:58 (02:40.694)</span></div>Test Step failed.</div></div><div class='TestOutput off'>Loaded 10 rows from Parameter Value Source.</div><div class='ApiCallImpl'><div class='TestItemTitle'><div style='float: right; font-size: 0.8em;'><img src='../../../..//timer_16x16.gif' style='height: 16; padding-top: 2px;'/><span style='padding-bottom: 2px;'>16:21:58 (02:40.694)</span></div>Start of Test Step For Each: {ExcelData}=&gt;payrun</div><div class='TestClauseImpl'><div class='TestItemTitle'><div style='float: right; font-size: 0.8em;'><img src='../../../..//timer_16x16.gif' style='height: 16; padding-top: 2px;'/><span style='padding-bottom: 2px;'>16:21:58 (02:40.796)</span></div>Start of TestClauseImpl Sub Steps</div><div class='ApiCallImpl'><div class='TestItemTitle'><div style='float: right; font-size: 0.8em;'><img src='../../../..//timer_16x16.gif' style='height: 16; padding-top: 2px;'/><span style='padding-bottom: 2px;'>16:21:58 (02:40.796)</span></div>Start of Test Step With Employees rows {employeeName = $payrun.EmpName}</div><div class='TestOutput sev'>[WebDriverException: chrome not reachable&lt;br/&gt;  (Session info: chrome=75.0.3770.100)&lt;br/&gt;  (Driver info: chromedriver=2.46.628402 (536cd7adbad73a3783fdc2cab92ab2ba7ec361e1),platform=Windows NT 10.0.17763 x86_64) (WARNING: The server did not provide any stacktrace information)&lt;br/&gt;Command duration or timeout: 243 milliseconds&lt;br/&gt;Build info: version: 'unknown', revision: 'unknown', time: 'unknown'&lt;br/&gt;System info: host: 'XCD_92WLKP2', ip: '192.168.1.103', os.name: 'Windows 10', os.arch: 'amd64', os.version: '10.0', java.version: '1.8.0_191'&lt;br/&gt;Driver info: org.openqa.selenium.chrome.ChromeDriver&lt;br/&gt;Capabilities [{mobileEmulationEnabled=false, timeouts={implicit=0.0, pageLoad=300000.0, script=30000.0}, hasTouchScreen=false, platform=XP, acceptSslCerts=false, goog:chromeOptions={debuggerAddress=localhost:63186}, acceptInsecureCerts=false, webStorageEnabled=true, browserName=chrome, takesScreenshot=true, javascriptEnabled=true, setWindowRect=true, unexpectedAlertBehaviour=ignore, applicationCacheEnabled=false, rotatable=false, networkConnectionEnabled=false, chrome={chromedriverVersion=2.46.628402 (536cd7adbad73a3783fdc2cab92ab2ba7ec361e1), userDataDir=C:\Users\AzizMugdal\git\24-7PeopleXCDPayroll\.provarCaches\.chromeProfiles\profile1}, takesHeapSnapshot=true, pageLoadStrategy=normal, strictFileInteractability=false, databaseEnabled=false, handlesAlerts=true, version=75.0.3770.100, browserConnectionEnabled=false, proxy=Proxy(direct), nativeEvents=true, locationContextEnabled=true, cssSelectorsEnabled=true}]&lt;br/&gt;Session ID: bc326da7b0c9526a093ca3f35fcd178d]</div><div class='TestItemOutcome Failed'><div style='float: right; font-size: 0.8em;'><img src='../../../..//timer_16x16.gif' style='height: 16; padding-top: 2px;'/><span style='padding-bottom: 2px;'>16:22:24 (03:05.908)</span></div>Test Step failed.</div></div><div class='TestItemOutcome Failed'><div style='float: right; font-size: 0.8em;'><img src='../../../..//timer_16x16.gif' style='height: 16; padding-top: 2px;'/><span style='padding-bottom: 2px;'>16:22:24 (03:05.908)</span></div>TestClauseImpl failed.</div></div><div class='TestClauseImpl'><div class='TestItemTitle'><div style='float: right; font-size: 0.8em;'><img src='../../../..//timer_16x16.gif' style='height: 16; padding-top: 2px;'/><span style='padding-bottom: 2px;'>16:22:24 (03:05.915)</span></div>Start of TestClauseImpl Sub Steps</div><div class='ApiCallImpl'><div class='TestItemTitle'><div style='float: right; font-size: 0.8em;'><img src='../../../..//timer_16x16.gif' style='height: 16; padding-top: 2px;'/><span style='padding-bottom: 2px;'>16:22:24 (03:05.915)</span></div>Start of Test Step With Employees rows {employeeName = $payrun.EmpName}</div><div class='TestOutput sev'>[WebDriverException: chrome not reachable&lt;br/&gt;  (Session info: chrome=75.0.3770.100)&lt;br/&gt;  (Driver info: chromedriver=2.46.628402 (536cd7adbad73a3783fdc2cab92ab2ba7ec361e1),platform=Windows NT 10.0.17763 x86_64) (WARNING: The server did not provide any stacktrace information)&lt;br/&gt;Command duration or timeout: 247 milliseconds&lt;br/&gt;Build info: version: 'unknown', revision: 'unknown', time: 'unknown'&lt;br/&gt;System info: host: 'XCD_92WLKP2', ip: '192.168.1.103', os.name: 'Windows 10', os.arch: 'amd64', os.version: '10.0', java.version: '1.8.0_191'&lt;br/&gt;Driver info: org.openqa.selenium.chrome.ChromeDriver&lt;br/&gt;Capabilities [{mobileEmulationEnabled=false, timeouts={implicit=0.0, pageLoad=300000.0, script=30000.0}, hasTouchScreen=false, platform=XP, acceptSslCerts=false, goog:chromeOptions={debuggerAddress=localhost:63186}, acceptInsecureCerts=false, webStorageEnabled=true, browserName=chrome, takesScreenshot=true, javascriptEnabled=true, setWindowRect=true, unexpectedAlertBehaviour=ignore, applicationCacheEnabled=false, rotatable=false, networkConnectionEnabled=false, chrome={chromedriverVersion=2.46.628402 (536cd7adbad73a3783fdc2cab92ab2ba7ec361e1), userDataDir=C:\Users\AzizMugdal\git\24-7PeopleXCDPayroll\.provarCaches\.chromeProfiles\profile1}, takesHeapSnapshot=true, pageLoadStrategy=normal, strictFileInteractability=false, databaseEnabled=false, handlesAlerts=true, version=75.0.3770.100, browserConnectionEnabled=false, proxy=Proxy(direct), nativeEvents=true, locationContextEnabled=true, cssSelectorsEnabled=true}]&lt;br/&gt;Session ID: bc326da7b0c9526a093ca3f35fcd178d]</div><div class='TestItemOutcome Failed'><div style='float: right; font-size: 0.8em;'><img src='../../../..//timer_16x16.gif' style='height: 16; padding-top: 2px;'/><span style='padding-bottom: 2px;'>16:22:49 (03:31.009)</span></div>Test Step failed.</div></div><div class='TestItemOutcome Failed'><div style='float: right; font-size: 0.8em;'><img src='../../../..//timer_16x16.gif' style='height: 16; padding-top: 2px;'/><span style='padding-bottom: 2px;'>16:22:49 (03:31.009)</span></div>TestClauseImpl failed.</div></div><div class='TestClauseImpl'><div class='TestItemTitle'><div style='float: right; font-size: 0.8em;'><img src='../../../..//timer_16x16.gif' style='height: 16; padding-top: 2px;'/><span style='padding-bottom: 2px;'>16:22:49 (03:31.015)</span></div>Start of TestClauseImpl Sub Steps</div><div class='ApiCallImpl'><div class='TestItemTitle'><div style='float: right; font-size: 0.8em;'><img src='../../../..//timer_16x16.gif' style='height: 16; padding-top: 2px;'/><span style='padding-bottom: 2px;'>16:22:49 (03:31.015)</span></div>Start of Test Step With Employees rows {employeeName = $payrun.EmpName}</div><div class='TestOutput sev'>[WebDriverException: chrome not reachable&lt;br/&gt;  (Session info: chrome=75.0.3770.100)&lt;br/&gt;  (Driver info: chromedriver=2.46.628402 (536cd7adbad73a3783fdc2cab92ab2ba7ec361e1),platform=Windows NT 10.0.17763 x86_64) (WARNING: The server did not provide any stacktrace information)&lt;br/&gt;Command duration or timeout: 256 milliseconds&lt;br/&gt;Build info: version: 'unknown', revision: 'unknown', time: 'unknown'&lt;br/&gt;System info: host: 'XCD_92WLKP2', ip: '192.168.1.103', os.name: 'Windows 10', os.arch: 'amd64', os.version: '10.0', java.version: '1.8.0_191'&lt;br/&gt;Driver info: org.openqa.selenium.chrome.ChromeDriver&lt;br/&gt;Capabilities [{mobileEmulationEnabled=false, timeouts={implicit=0.0, pageLoad=300000.0, script=30000.0}, hasTouchScreen=false, platform=XP, acceptSslCerts=false, goog:chromeOptions={debuggerAddress=localhost:63186}, acceptInsecureCerts=false, webStorageEnabled=true, browserName=chrome, takesScreenshot=true, javascriptEnabled=true, setWindowRect=true, unexpectedAlertBehaviour=ignore, applicationCacheEnabled=false, rotatable=false, networkConnectionEnabled=false, chrome={chromedriverVersion=2.46.628402 (536cd7adbad73a3783fdc2cab92ab2ba7ec361e1), userDataDir=C:\Users\AzizMugdal\git\24-7PeopleXCDPayroll\.provarCaches\.chromeProfiles\profile1}, takesHeapSnapshot=true, pageLoadStrategy=normal, strictFileInteractability=false, databaseEnabled=false, handlesAlerts=true, version=75.0.3770.100, browserConnectionEnabled=false, proxy=Proxy(direct), nativeEvents=true, locationContextEnabled=true, cssSelectorsEnabled=true}]&lt;br/&gt;Session ID: bc326da7b0c9526a093ca3f35fcd178d]</div><div class='TestItemOutcome Failed'><div style='float: right; font-size: 0.8em;'><img src='../../../..//timer_16x16.gif' style='height: 16; padding-top: 2px;'/><span style='padding-bottom: 2px;'>16:23:14 (03:56.109)</span></div>Test Step failed.</div></div><div class='TestItemOutcome Failed'><div style='float: right; font-size: 0.8em;'><img src='../../../..//timer_16x16.gif' style='height: 16; padding-top: 2px;'/><span style='padding-bottom: 2px;'>16:23:14 (03:56.109)</span></div>TestClauseImpl failed.</div></div><div class='TestClauseImpl'><div class='TestItemTitle'><div style='float: right; font-size: 0.8em;'><img src='../../../..//timer_16x16.gif' style='height: 16; padding-top: 2px;'/><span style='padding-bottom: 2px;'>16:23:14 (03:56.129)</span></div>Start of TestClauseImpl Sub Steps</div><div class='ApiCallImpl'><div class='TestItemTitle'><div style='float: right; font-size: 0.8em;'><img src='../../../..//timer_16x16.gif' style='height: 16; padding-top: 2px;'/><span style='padding-bottom: 2px;'>16:23:14 (03:56.129)</span></div>Start of Test Step With Employees rows {employeeName = $payrun.EmpName}</div><div class='TestOutput sev'>[WebDriverException: chrome not reachable&lt;br/&gt;  (Session info: chrome=75.0.3770.100)&lt;br/&gt;  (Driver info: chromedriver=2.46.628402 (536cd7adbad73a3783fdc2cab92ab2ba7ec361e1),platform=Windows NT 10.0.17763 x86_64) (WARNING: The server did not provide any stacktrace information)&lt;br/&gt;Command duration or timeout: 247 milliseconds&lt;br/&gt;Build info: version: 'unknown', revision: 'unknown', time: 'unknown'&lt;br/&gt;System info: host: 'XCD_92WLKP2', ip: '192.168.1.103', os.name: 'Windows 10', os.arch: 'amd64', os.version: '10.0', java.version: '1.8.0_191'&lt;br/&gt;Driver info: org.openqa.selenium.chrome.ChromeDriver&lt;br/&gt;Capabilities [{mobileEmulationEnabled=false, timeouts={implicit=0.0, pageLoad=300000.0, script=30000.0}, hasTouchScreen=false, platform=XP, acceptSslCerts=false, goog:chromeOptions={debuggerAddress=localhost:63186}, acceptInsecureCerts=false, webStorageEnabled=true, browserName=chrome, takesScreenshot=true, javascriptEnabled=true, setWindowRect=true, unexpectedAlertBehaviour=ignore, applicationCacheEnabled=false, rotatable=false, networkConnectionEnabled=false, chrome={chromedriverVersion=2.46.628402 (536cd7adbad73a3783fdc2cab92ab2ba7ec361e1), userDataDir=C:\Users\AzizMugdal\git\24-7PeopleXCDPayroll\.provarCaches\.chromeProfiles\profile1}, takesHeapSnapshot=true, pageLoadStrategy=normal, strictFileInteractability=false, databaseEnabled=false, handlesAlerts=true, version=75.0.3770.100, browserConnectionEnabled=false, proxy=Proxy(direct), nativeEvents=true, locationContextEnabled=true, cssSelectorsEnabled=true}]&lt;br/&gt;Session ID: bc326da7b0c9526a093ca3f35fcd178d]</div><div class='TestItemOutcome Failed'><div style='float: right; font-size: 0.8em;'><img src='../../../..//timer_16x16.gif' style='height: 16; padding-top: 2px;'/><span style='padding-bottom: 2px;'>16:23:39 (04:21.212)</span></div>Test Step failed.</div></div><div class='TestItemOutcome Failed'><div style='float: right; font-size: 0.8em;'><img src='../../../..//timer_16x16.gif' style='height: 16; padding-top: 2px;'/><span style='padding-bottom: 2px;'>16:23:39 (04:21.214)</span></div>TestClauseImpl failed.</div></div><div class='TestClauseImpl'><div class='TestItemTitle'><div style='float: right; font-size: 0.8em;'><img src='../../../..//timer_16x16.gif' style='height: 16; padding-top: 2px;'/><span style='padding-bottom: 2px;'>16:23:39 (04:21.238)</span></div>Start of TestClauseImpl Sub Steps</div><div class='ApiCallImpl'><div class='TestItemTitle'><div style='float: right; font-size: 0.8em;'><img src='../../../..//timer_16x16.gif' style='height: 16; padding-top: 2px;'/><span style='padding-bottom: 2px;'>16:23:39 (04:21.239)</span></div>Start of Test Step With Employees rows {employeeName = $payrun.EmpName}</div><div class='TestOutput sev'>[WebDriverException: chrome not reachable&lt;br/&gt;  (Session info: chrome=75.0.3770.100)&lt;br/&gt;  (Driver info: chromedriver=2.46.628402 (536cd7adbad73a3783fdc2cab92ab2ba7ec361e1),platform=Windows NT 10.0.17763 x86_64) (WARNING: The server did not provide any stacktrace information)&lt;br/&gt;Command duration or timeout: 252 milliseconds&lt;br/&gt;Build info: version: 'unknown', revision: 'unknown', time: 'unknown'&lt;br/&gt;System info: host: 'XCD_92WLKP2', ip: '192.168.1.103', os.name: 'Windows 10', os.arch: 'amd64', os.version: '10.0', java.version: '1.8.0_191'&lt;br/&gt;Driver info: org.openqa.selenium.chrome.ChromeDriver&lt;br/&gt;Capabilities [{mobileEmulationEnabled=false, timeouts={implicit=0.0, pageLoad=300000.0, script=30000.0}, hasTouchScreen=false, platform=XP, acceptSslCerts=false, goog:chromeOptions={debuggerAddress=localhost:63186}, acceptInsecureCerts=false, webStorageEnabled=true, browserName=chrome, takesScreenshot=true, javascriptEnabled=true, setWindowRect=true, unexpectedAlertBehaviour=ignore, applicationCacheEnabled=false, rotatable=false, networkConnectionEnabled=false, chrome={chromedriverVersion=2.46.628402 (536cd7adbad73a3783fdc2cab92ab2ba7ec361e1), userDataDir=C:\Users\AzizMugdal\git\24-7PeopleXCDPayroll\.provarCaches\.chromeProfiles\profile1}, takesHeapSnapshot=true, pageLoadStrategy=normal, strictFileInteractability=false, databaseEnabled=false, handlesAlerts=true, version=75.0.3770.100, browserConnectionEnabled=false, proxy=Proxy(direct), nativeEvents=true, locationContextEnabled=true, cssSelectorsEnabled=true}]&lt;br/&gt;Session ID: bc326da7b0c9526a093ca3f35fcd178d]</div><div class='TestItemOutcome Failed'><div style='float: right; font-size: 0.8em;'><img src='../../../..//timer_16x16.gif' style='height: 16; padding-top: 2px;'/><span style='padding-bottom: 2px;'>16:24:04 (04:46.338)</span></div>Test Step failed.</div></div><div class='TestItemOutcome Failed'><div style='float: right; font-size: 0.8em;'><img src='../../../..//timer_16x16.gif' style='height: 16; padding-top: 2px;'/><span style='padding-bottom: 2px;'>16:24:04 (04:46.338)</span></div>TestClauseImpl failed.</div></div><div class='TestClauseImpl'><div class='TestItemTitle'><div style='float: right; font-size: 0.8em;'><img src='../../../..//timer_16x16.gif' style='height: 16; padding-top: 2px;'/><span style='padding-bottom: 2px;'>16:24:04 (04:46.358)</span></div>Start of TestClauseImpl Sub Steps</div><div class='ApiCallImpl'><div class='TestItemTitle'><div style='float: right; font-size: 0.8em;'><img src='../../../..//timer_16x16.gif' style='height: 16; padding-top: 2px;'/><span style='padding-bottom: 2px;'>16:24:04 (04:46.359)</span></div>Start of Test Step With Employees rows {employeeName = $payrun.EmpName}</div><div class='TestOutput sev'>[WebDriverException: chrome not reachable&lt;br/&gt;  (Session info: chrome=75.0.3770.100)&lt;br/&gt;  (Driver info: chromedriver=2.46.628402 (536cd7adbad73a3783fdc2cab92ab2ba7ec361e1),platform=Windows NT 10.0.17763 x86_64) (WARNING: The server did not provide any stacktrace information)&lt;br/&gt;Command duration or timeout: 250 milliseconds&lt;br/&gt;Build info: version: 'unknown', revision: 'unknown', time: 'unknown'&lt;br/&gt;System info: host: 'XCD_92WLKP2', ip: '192.168.1.103', os.name: 'Windows 10', os.arch: 'amd64', os.version: '10.0', java.version: '1.8.0_191'&lt;br/&gt;Driver info: org.openqa.selenium.chrome.ChromeDriver&lt;br/&gt;Capabilities [{mobileEmulationEnabled=false, timeouts={implicit=0.0, pageLoad=300000.0, script=30000.0}, hasTouchScreen=false, platform=XP, acceptSslCerts=false, goog:chromeOptions={debuggerAddress=localhost:63186}, acceptInsecureCerts=false, webStorageEnabled=true, browserName=chrome, takesScreenshot=true, javascriptEnabled=true, setWindowRect=true, unexpectedAlertBehaviour=ignore, applicationCacheEnabled=false, rotatable=false, networkConnectionEnabled=false, chrome={chromedriverVersion=2.46.628402 (536cd7adbad73a3783fdc2cab92ab2ba7ec361e1), userDataDir=C:\Users\AzizMugdal\git\24-7PeopleXCDPayroll\.provarCaches\.chromeProfiles\profile1}, takesHeapSnapshot=true, pageLoadStrategy=normal, strictFileInteractability=false, databaseEnabled=false, handlesAlerts=true, version=75.0.3770.100, browserConnectionEnabled=false, proxy=Proxy(direct), nativeEvents=true, locationContextEnabled=true, cssSelectorsEnabled=true}]&lt;br/&gt;Session ID: bc326da7b0c9526a093ca3f35fcd178d]</div><div class='TestItemOutcome Failed'><div style='float: right; font-size: 0.8em;'><img src='../../../..//timer_16x16.gif' style='height: 16; padding-top: 2px;'/><span style='padding-bottom: 2px;'>16:24:29 (05:11.460)</span></div>Test Step failed.</div></div><div class='TestItemOutcome Failed'><div style='float: right; font-size: 0.8em;'><img src='../../../..//timer_16x16.gif' style='height: 16; padding-top: 2px;'/><span style='padding-bottom: 2px;'>16:24:29 (05:11.460)</span></div>TestClauseImpl failed.</div></div><div class='TestClauseImpl'><div class='TestItemTitle'><div style='float: right; font-size: 0.8em;'><img src='../../../..//timer_16x16.gif' style='height: 16; padding-top: 2px;'/><span style='padding-bottom: 2px;'>16:24:29 (05:11.467)</span></div>Start of TestClauseImpl Sub Steps</div><div class='ApiCallImpl'><div class='TestItemTitle'><div style='float: right; font-size: 0.8em;'><img src='../../../..//timer_16x16.gif' style='height: 16; padding-top: 2px;'/><span style='padding-bottom: 2px;'>16:24:29 (05:11.468)</span></div>Start of Test Step With Employees rows {employeeName = $payrun.EmpName}</div><div class='TestOutput sev'>[WebDriverException: chrome not reachable&lt;br/&gt;  (Session info: chrome=75.0.3770.100)&lt;br/&gt;  (Driver info: chromedriver=2.46.628402 (536cd7adbad73a3783fdc2cab92ab2ba7ec361e1),platform=Windows NT 10.0.17763 x86_64) (WARNING: The server did not provide any stacktrace information)&lt;br/&gt;Command duration or timeout: 246 milliseconds&lt;br/&gt;Build info: version: 'unknown', revision: 'unknown', time: 'unknown'&lt;br/&gt;System info: host: 'XCD_92WLKP2', ip: '192.168.1.103', os.name: 'Windows 10', os.arch: 'amd64', os.version: '10.0', java.version: '1.8.0_191'&lt;br/&gt;Driver info: org.openqa.selenium.chrome.ChromeDriver&lt;br/&gt;Capabilities [{mobileEmulationEnabled=false, timeouts={implicit=0.0, pageLoad=300000.0, script=30000.0}, hasTouchScreen=false, platform=XP, acceptSslCerts=false, goog:chromeOptions={debuggerAddress=localhost:63186}, acceptInsecureCerts=false, webStorageEnabled=true, browserName=chrome, takesScreenshot=true, javascriptEnabled=true, setWindowRect=true, unexpectedAlertBehaviour=ignore, applicationCacheEnabled=false, rotatable=false, networkConnectionEnabled=false, chrome={chromedriverVersion=2.46.628402 (536cd7adbad73a3783fdc2cab92ab2ba7ec361e1), userDataDir=C:\Users\AzizMugdal\git\24-7PeopleXCDPayroll\.provarCaches\.chromeProfiles\profile1}, takesHeapSnapshot=true, pageLoadStrategy=normal, strictFileInteractability=false, databaseEnabled=false, handlesAlerts=true, version=75.0.3770.100, browserConnectionEnabled=false, proxy=Proxy(direct), nativeEvents=true, locationContextEnabled=true, cssSelectorsEnabled=true}]&lt;br/&gt;Session ID: bc326da7b0c9526a093ca3f35fcd178d]</div><div class='TestItemOutcome Failed'><div style='float: right; font-size: 0.8em;'><img src='../../../..//timer_16x16.gif' style='height: 16; padding-top: 2px;'/><span style='padding-bottom: 2px;'>16:24:54 (05:36.549)</span></div>Test Step failed.</div></div><div class='TestItemOutcome Failed'><div style='float: right; font-size: 0.8em;'><img src='../../../..//timer_16x16.gif' style='height: 16; padding-top: 2px;'/><span style='padding-bottom: 2px;'>16:24:54 (05:36.549)</span></div>TestClauseImpl failed.</div></div><div class='TestClauseImpl'><div class='TestItemTitle'><div style='float: right; font-size: 0.8em;'><img src='../../../..//timer_16x16.gif' style='height: 16; padding-top: 2px;'/><span style='padding-bottom: 2px;'>16:24:54 (05:36.556)</span></div>Start of TestClauseImpl Sub Steps</div><div class='ApiCallImpl'><div class='TestItemTitle'><div style='float: right; font-size: 0.8em;'><img src='../../../..//timer_16x16.gif' style='height: 16; padding-top: 2px;'/><span style='padding-bottom: 2px;'>16:24:54 (05:36.556)</span></div>Start of Test Step With Employees rows {employeeName = $payrun.EmpName}</div><div class='TestOutput sev'>[WebDriverException: chrome not reachable&lt;br/&gt;  (Session info: chrome=75.0.3770.100)&lt;br/&gt;  (Driver info: chromedriver=2.46.628402 (536cd7adbad73a3783fdc2cab92ab2ba7ec361e1),platform=Windows NT 10.0.17763 x86_64) (WARNING: The server did not provide any stacktrace information)&lt;br/&gt;Command duration or timeout: 236 milliseconds&lt;br/&gt;Build info: version: 'unknown', revision: 'unknown', time: 'unknown'&lt;br/&gt;System info: host: 'XCD_92WLKP2', ip: '192.168.1.103', os.name: 'Windows 10', os.arch: 'amd64', os.version: '10.0', java.version: '1.8.0_191'&lt;br/&gt;Driver info: org.openqa.selenium.chrome.ChromeDriver&lt;br/&gt;Capabilities [{mobileEmulationEnabled=false, timeouts={implicit=0.0, pageLoad=300000.0, script=30000.0}, hasTouchScreen=false, platform=XP, acceptSslCerts=false, goog:chromeOptions={debuggerAddress=localhost:63186}, acceptInsecureCerts=false, webStorageEnabled=true, browserName=chrome, takesScreenshot=true, javascriptEnabled=true, setWindowRect=true, unexpectedAlertBehaviour=ignore, applicationCacheEnabled=false, rotatable=false, networkConnectionEnabled=false, chrome={chromedriverVersion=2.46.628402 (536cd7adbad73a3783fdc2cab92ab2ba7ec361e1), userDataDir=C:\Users\AzizMugdal\git\24-7PeopleXCDPayroll\.provarCaches\.chromeProfiles\profile1}, takesHeapSnapshot=true, pageLoadStrategy=normal, strictFileInteractability=false, databaseEnabled=false, handlesAlerts=true, version=75.0.3770.100, browserConnectionEnabled=false, proxy=Proxy(direct), nativeEvents=true, locationContextEnabled=true, cssSelectorsEnabled=true}]&lt;br/&gt;Session ID: bc326da7b0c9526a093ca3f35fcd178d]</div><div class='TestItemOutcome Failed'><div style='float: right; font-size: 0.8em;'><img src='../../../..//timer_16x16.gif' style='height: 16; padding-top: 2px;'/><span style='padding-bottom: 2px;'>16:25:19 (06:01.647)</span></div>Test Step failed.</div></div><div class='TestItemOutcome Failed'><div style='float: right; font-size: 0.8em;'><img src='../../../..//timer_16x16.gif' style='height: 16; padding-top: 2px;'/><span style='padding-bottom: 2px;'>16:25:19 (06:01.647)</span></div>TestClauseImpl failed.</div></div><div class='TestClauseImpl'><div class='TestItemTitle'><div style='float: right; font-size: 0.8em;'><img src='../../../..//timer_16x16.gif' style='height: 16; padding-top: 2px;'/><span style='padding-bottom: 2px;'>16:25:19 (06:01.653)</span></div>Start of TestClauseImpl Sub Steps</div><div class='ApiCallImpl'><div class='TestItemTitle'><div style='float: right; font-size: 0.8em;'><img src='../../../..//timer_16x16.gif' style='height: 16; padding-top: 2px;'/><span style='padding-bottom: 2px;'>16:25:19 (06:01.653)</span></div>Start of Test Step With Employees rows {employeeName = $payrun.EmpName}</div><div class='TestOutput sev'>[WebDriverException: chrome not reachable&lt;br/&gt;  (Session info: chrome=75.0.3770.100)&lt;br/&gt;  (Driver info: chromedriver=2.46.628402 (536cd7adbad73a3783fdc2cab92ab2ba7ec361e1),platform=Windows NT 10.0.17763 x86_64) (WARNING: The server did not provide any stacktrace information)&lt;br/&gt;Command duration or timeout: 258 milliseconds&lt;br/&gt;Build info: version: 'unknown', revision: 'unknown', time: 'unknown'&lt;br/&gt;System info: host: 'XCD_92WLKP2', ip: '192.168.1.103', os.name: 'Windows 10', os.arch: 'amd64', os.version: '10.0', java.version: '1.8.0_191'&lt;br/&gt;Driver info: org.openqa.selenium.chrome.ChromeDriver&lt;br/&gt;Capabilities [{mobileEmulationEnabled=false, timeouts={implicit=0.0, pageLoad=300000.0, script=30000.0}, hasTouchScreen=false, platform=XP, acceptSslCerts=false, goog:chromeOptions={debuggerAddress=localhost:63186}, acceptInsecureCerts=false, webStorageEnabled=true, browserName=chrome, takesScreenshot=true, javascriptEnabled=true, setWindowRect=true, unexpectedAlertBehaviour=ignore, applicationCacheEnabled=false, rotatable=false, networkConnectionEnabled=false, chrome={chromedriverVersion=2.46.628402 (536cd7adbad73a3783fdc2cab92ab2ba7ec361e1), userDataDir=C:\Users\AzizMugdal\git\24-7PeopleXCDPayroll\.provarCaches\.chromeProfiles\profile1}, takesHeapSnapshot=true, pageLoadStrategy=normal, strictFileInteractability=false, databaseEnabled=false, handlesAlerts=true, version=75.0.3770.100, browserConnectionEnabled=false, proxy=Proxy(direct), nativeEvents=true, locationContextEnabled=true, cssSelectorsEnabled=true}]&lt;br/&gt;Session ID: bc326da7b0c9526a093ca3f35fcd178d]</div><div class='TestItemOutcome Failed'><div style='float: right; font-size: 0.8em;'><img src='../../../..//timer_16x16.gif' style='height: 16; padding-top: 2px;'/><span style='padding-bottom: 2px;'>16:25:44 (06:26.740)</span></div>Test Step failed.</div></div><div class='TestItemOutcome Failed'><div style='float: right; font-size: 0.8em;'><img src='../../../..//timer_16x16.gif' style='height: 16; padding-top: 2px;'/><span style='padding-bottom: 2px;'>16:25:44 (06:26.740)</span></div>TestClauseImpl failed.</div></div><div class='TestClauseImpl'><div class='TestItemTitle'><div style='float: right; font-size: 0.8em;'><img src='../../../..//timer_16x16.gif' style='height: 16; padding-top: 2px;'/><span style='padding-bottom: 2px;'>16:25:44 (06:26.758)</span></div>Start of TestClauseImpl Sub Steps</div><div class='ApiCallImpl'><div class='TestItemTitle'><div style='float: right; font-size: 0.8em;'><img src='../../../..//timer_16x16.gif' style='height: 16; padding-top: 2px;'/><span style='padding-bottom: 2px;'>16:25:44 (06:26.758)</span></div>Start of Test Step With Employees rows {employeeName = $payrun.EmpName}</div><div class='TestOutput sev'>[WebDriverException: chrome not reachable&lt;br/&gt;  (Session info: chrome=75.0.3770.100)&lt;br/&gt;  (Driver info: chromedriver=2.46.628402 (536cd7adbad73a3783fdc2cab92ab2ba7ec361e1),platform=Windows NT 10.0.17763 x86_64) (WARNING: The server did not provide any stacktrace information)&lt;br/&gt;Command duration or timeout: 247 milliseconds&lt;br/&gt;Build info: version: 'unknown', revision: 'unknown', time: 'unknown'&lt;br/&gt;System info: host: 'XCD_92WLKP2', ip: '192.168.1.103', os.name: 'Windows 10', os.arch: 'amd64', os.version: '10.0', java.version: '1.8.0_191'&lt;br/&gt;Driver info: org.openqa.selenium.chrome.ChromeDriver&lt;br/&gt;Capabilities [{mobileEmulationEnabled=false, timeouts={implicit=0.0, pageLoad=300000.0, script=30000.0}, hasTouchScreen=false, platform=XP, acceptSslCerts=false, goog:chromeOptions={debuggerAddress=localhost:63186}, acceptInsecureCerts=false, webStorageEnabled=true, browserName=chrome, takesScreenshot=true, javascriptEnabled=true, setWindowRect=true, unexpectedAlertBehaviour=ignore, applicationCacheEnabled=false, rotatable=false, networkConnectionEnabled=false, chrome={chromedriverVersion=2.46.628402 (536cd7adbad73a3783fdc2cab92ab2ba7ec361e1), userDataDir=C:\Users\AzizMugdal\git\24-7PeopleXCDPayroll\.provarCaches\.chromeProfiles\profile1}, takesHeapSnapshot=true, pageLoadStrategy=normal, strictFileInteractability=false, databaseEnabled=false, handlesAlerts=true, version=75.0.3770.100, browserConnectionEnabled=false, proxy=Proxy(direct), nativeEvents=true, locationContextEnabled=true, cssSelectorsEnabled=true}]&lt;br/&gt;Session ID: bc326da7b0c9526a093ca3f35fcd178d]</div><div class='TestItemOutcome Failed'><div style='float: right; font-size: 0.8em;'><img src='../../../..//timer_16x16.gif' style='height: 16; padding-top: 2px;'/><span style='padding-bottom: 2px;'>16:26:10 (06:51.846)</span></div>Test Step failed.</div></div><div class='TestItemOutcome Failed'><div style='float: right; font-size: 0.8em;'><img src='../../../..//timer_16x16.gif' style='height: 16; padding-top: 2px;'/><span style='padding-bottom: 2px;'>16:26:10 (06:51.846)</span></div>TestClauseImpl failed.</div></div><div class='TestItemOutcome Failed'><div style='float: right; font-size: 0.8em;'><img src='../../../..//timer_16x16.gif' style='height: 16; padding-top: 2px;'/><span style='padding-bottom: 2px;'>16:26:10 (06:51.851)</span></div>Test Step failed.</div></div><div class='ApiCallImpl'><div class='TestItemTitle'><div style='float: right; font-size: 0.8em;'><img src='../../../..//timer_16x16.gif' style='height: 16; padding-top: 2px;'/><span style='padding-bottom: 2px;'>16:26:10 (06:51.851)</span></div>Start of Test Step Click the Generate Draft button</div><div class='TestOutput sev'>[WebDriverException: chrome not reachable&lt;br/&gt;  (Session info: chrome=75.0.3770.100)&lt;br/&gt;  (Driver info: chromedriver=2.46.628402 (536cd7adbad73a3783fdc2cab92ab2ba7ec361e1),platform=Windows NT 10.0.17763 x86_64) (WARNING: The server did not provide any stacktrace information)&lt;br/&gt;Command duration or timeout: 248 milliseconds&lt;br/&gt;Build info: version: 'unknown', revision: 'unknown', time: 'unknown'&lt;br/&gt;System info: host: 'XCD_92WLKP2', ip: '192.168.1.103', os.name: 'Windows 10', os.arch: 'amd64', os.version: '10.0', java.version: '1.8.0_191'&lt;br/&gt;Driver info: org.openqa.selenium.chrome.ChromeDriver&lt;br/&gt;Capabilities [{mobileEmulationEnabled=false, timeouts={implicit=0.0, pageLoad=300000.0, script=30000.0}, hasTouchScreen=false, platform=XP, acceptSslCerts=false, goog:chromeOptions={debuggerAddress=localhost:63186}, acceptInsecureCerts=false, webStorageEnabled=true, browserName=chrome, takesScreenshot=true, javascriptEnabled=true, setWindowRect=true, unexpectedAlertBehaviour=ignore, applicationCacheEnabled=false, rotatable=false, networkConnectionEnabled=false, chrome={chromedriverVersion=2.46.628402 (536cd7adbad73a3783fdc2cab92ab2ba7ec361e1), userDataDir=C:\Users\AzizMugdal\git\24-7PeopleXCDPayroll\.provarCaches\.chromeProfiles\profile1}, takesHeapSnapshot=true, pageLoadStrategy=normal, strictFileInteractability=false, databaseEnabled=false, handlesAlerts=true, version=75.0.3770.100, browserConnectionEnabled=false, proxy=Proxy(direct), nativeEvents=true, locationContextEnabled=true, cssSelectorsEnabled=true}]&lt;br/&gt;Session ID: bc326da7b0c9526a093ca3f35fcd178d]</div><div class='TestItemOutcome Failed'><div style='float: right; font-size: 0.8em;'><img src='../../../..//timer_16x16.gif' style='height: 16; padding-top: 2px;'/><span style='padding-bottom: 2px;'>16:26:35 (07:16.962)</span></div>Test Step failed.</div></div><div class='ApiCallImpl'><div class='TestItemTitle'><div style='float: right; font-size: 0.8em;'><img src='../../../..//timer_16x16.gif' style='height: 16; padding-top: 2px;'/><span style='padding-bottom: 2px;'>16:26:35 (07:16.962)</span></div>Start of Test Step UI Assert</div><div class='TestOutput sev'>[WebDriverException: chrome not reachable&lt;br/&gt;  (Session info: chrome=75.0.3770.100)&lt;br/&gt;  (Driver info: chromedriver=2.46.628402 (536cd7adbad73a3783fdc2cab92ab2ba7ec361e1),platform=Windows NT 10.0.17763 x86_64) (WARNING: The server did not provide any stacktrace information)&lt;br/&gt;Command duration or timeout: 257 milliseconds&lt;br/&gt;Build info: version: 'unknown', revision: 'unknown', time: 'unknown'&lt;br/&gt;System info: host: 'XCD_92WLKP2', ip: '192.168.1.103', os.name: 'Windows 10', os.arch: 'amd64', os.version: '10.0', java.version: '1.8.0_191'&lt;br/&gt;Driver info: org.openqa.selenium.chrome.ChromeDriver&lt;br/&gt;Capabilities [{mobileEmulationEnabled=false, timeouts={implicit=0.0, pageLoad=300000.0, script=30000.0}, hasTouchScreen=false, platform=XP, acceptSslCerts=false, goog:chromeOptions={debuggerAddress=localhost:63186}, acceptInsecureCerts=false, webStorageEnabled=true, browserName=chrome, takesScreenshot=true, javascriptEnabled=true, setWindowRect=true, unexpectedAlertBehaviour=ignore, applicationCacheEnabled=false, rotatable=false, networkConnectionEnabled=false, chrome={chromedriverVersion=2.46.628402 (536cd7adbad73a3783fdc2cab92ab2ba7ec361e1), userDataDir=C:\Users\AzizMugdal\git\24-7PeopleXCDPayroll\.provarCaches\.chromeProfiles\profile1}, takesHeapSnapshot=true, pageLoadStrategy=normal, strictFileInteractability=false, databaseEnabled=false, handlesAlerts=true, version=75.0.3770.100, browserConnectionEnabled=false, proxy=Proxy(direct), nativeEvents=true, locationContextEnabled=true, cssSelectorsEnabled=true}]&lt;br/&gt;Session ID: bc326da7b0c9526a093ca3f35fcd178d]</div><div class='TestItemOutcome Failed'><div style='float: right; font-size: 0.8em;'><img src='../../../..//timer_16x16.gif' style='height: 16; padding-top: 2px;'/><span style='padding-bottom: 2px;'>16:27:00 (07:42.058)</span></div>Test Step failed.</div></div><div class='ApiCallImpl'><div class='TestItemTitle'><div style='float: right; font-size: 0.8em;'><img src='../../../..//timer_16x16.gif' style='height: 16; padding-top: 2px;'/><span style='padding-bottom: 2px;'>16:27:00 (07:42.058)</span></div>Start of Test Step Wait For: {DraftStatus.fields.draftStatus.value = "Draft"}=&gt;{10}</div><div class='TestClauseImpl'><div class='TestItemTitle'><div style='float: right; font-size: 0.8em;'><img src='../../../..//timer_16x16.gif' style='height: 16; padding-top: 2px;'/><span style='padding-bottom: 2px;'>16:27:10 (07:52.070)</span></div>Start of TestClauseImpl Sub Steps</div><div class='ApiCallImpl'><div class='TestItemTitle'><div style='float: right; font-size: 0.8em;'><img src='../../../..//timer_16x16.gif' style='height: 16; padding-top: 2px;'/><span style='padding-bottom: 2px;'>16:27:10 (07:52.071)</span></div>Start of Test Step UI Assert</div><div class='TestOutput sev'>[WebDriverException: chrome not reachable&lt;br/&gt;  (Session info: chrome=75.0.3770.100)&lt;br/&gt;  (Driver info: chromedriver=2.46.628402 (536cd7adbad73a3783fdc2cab92ab2ba7ec361e1),platform=Windows NT 10.0.17763 x86_64) (WARNING: The server did not provide any stacktrace information)&lt;br/&gt;Command duration or timeout: 256 milliseconds&lt;br/&gt;Build info: version: 'unknown', revision: 'unknown', time: 'unknown'&lt;br/&gt;System info: host: 'XCD_92WLKP2', ip: '192.168.1.103', os.name: 'Windows 10', os.arch: 'amd64', os.version: '10.0', java.version: '1.8.0_191'&lt;br/&gt;Driver info: org.openqa.selenium.chrome.ChromeDriver&lt;br/&gt;Capabilities [{mobileEmulationEnabled=false, timeouts={implicit=0.0, pageLoad=300000.0, script=30000.0}, hasTouchScreen=false, platform=XP, acceptSslCerts=false, goog:chromeOptions={debuggerAddress=localhost:63186}, acceptInsecureCerts=false, webStorageEnabled=true, browserName=chrome, takesScreenshot=true, javascriptEnabled=true, setWindowRect=true, unexpectedAlertBehaviour=ignore, applicationCacheEnabled=false, rotatable=false, networkConnectionEnabled=false, chrome={chromedriverVersion=2.46.628402 (536cd7adbad73a3783fdc2cab92ab2ba7ec361e1), userDataDir=C:\Users\AzizMugdal\git\24-7PeopleXCDPayroll\.provarCaches\.chromeProfiles\profile1}, takesHeapSnapshot=true, pageLoadStrategy=normal, strictFileInteractability=false, databaseEnabled=false, handlesAlerts=true, version=75.0.3770.100, browserConnectionEnabled=false, proxy=Proxy(direct), nativeEvents=true, locationContextEnabled=true, cssSelectorsEnabled=true}]&lt;br/&gt;Session ID: bc326da7b0c9526a093ca3f35fcd178d]</div><div class='TestItemOutcome Failed'><div style='float: right; font-size: 0.8em;'><img src='../../../..//timer_16x16.gif' style='height: 16; padding-top: 2px;'/><span style='padding-bottom: 2px;'>16:27:35 (08:17.172)</span></div>Test Step failed.</div></div><div class='TestItemOutcome Failed'><div style='float: right; font-size: 0.8em;'><img src='../../../..//timer_16x16.gif' style='height: 16; padding-top: 2px;'/><span style='padding-bottom: 2px;'>16:27:35 (08:17.172)</span></div>TestClauseImpl failed.</div></div><div class='TestClauseImpl'><div class='TestItemTitle'><div style='float: right; font-size: 0.8em;'><img src='../../../..//timer_16x16.gif' style='height: 16; padding-top: 2px;'/><span style='padding-bottom: 2px;'>16:27:45 (08:27.193)</span></div>Start of TestClauseImpl Sub Steps</div><div class='ApiCallImpl'><div class='TestItemTitle'><div style='float: right; font-size: 0.8em;'><img src='../../../..//timer_16x16.gif' style='height: 16; padding-top: 2px;'/><span style='padding-bottom: 2px;'>16:27:45 (08:27.194)</span></div>Start of Test Step UI Assert</div><div class='TestOutput sev'>[WebDriverException: chrome not reachable&lt;br/&gt;  (Session info: chrome=75.0.3770.100)&lt;br/&gt;  (Driver info: chromedriver=2.46.628402 (536cd7adbad73a3783fdc2cab92ab2ba7ec361e1),platform=Windows NT 10.0.17763 x86_64) (WARNING: The server did not provide any stacktrace information)&lt;br/&gt;Command duration or timeout: 251 milliseconds&lt;br/&gt;Build info: version: 'unknown', revision: 'unknown', time: 'unknown'&lt;br/&gt;System info: host: 'XCD_92WLKP2', ip: '192.168.1.103', os.name: 'Windows 10', os.arch: 'amd64', os.version: '10.0', java.version: '1.8.0_191'&lt;br/&gt;Driver info: org.openqa.selenium.chrome.ChromeDriver&lt;br/&gt;Capabilities [{mobileEmulationEnabled=false, timeouts={implicit=0.0, pageLoad=300000.0, script=30000.0}, hasTouchScreen=false, platform=XP, acceptSslCerts=false, goog:chromeOptions={debuggerAddress=localhost:63186}, acceptInsecureCerts=false, webStorageEnabled=true, browserName=chrome, takesScreenshot=true, javascriptEnabled=true, setWindowRect=true, unexpectedAlertBehaviour=ignore, applicationCacheEnabled=false, rotatable=false, networkConnectionEnabled=false, chrome={chromedriverVersion=2.46.628402 (536cd7adbad73a3783fdc2cab92ab2ba7ec361e1), userDataDir=C:\Users\AzizMugdal\git\24-7PeopleXCDPayroll\.provarCaches\.chromeProfiles\profile1}, takesHeapSnapshot=true, pageLoadStrategy=normal, strictFileInteractability=false, databaseEnabled=false, handlesAlerts=true, version=75.0.3770.100, browserConnectionEnabled=false, proxy=Proxy(direct), nativeEvents=true, locationContextEnabled=true, cssSelectorsEnabled=true}]&lt;br/&gt;Session ID: bc326da7b0c9526a093ca3f35fcd178d]</div><div class='TestItemOutcome Failed'><div style='float: right; font-size: 0.8em;'><img src='../../../..//timer_16x16.gif' style='height: 16; padding-top: 2px;'/><span style='padding-bottom: 2px;'>16:28:10 (08:52.303)</span></div>Test Step failed.</div></div><div class='TestItemOutcome Failed'><div style='float: right; font-size: 0.8em;'><img src='../../../..//timer_16x16.gif' style='height: 16; padding-top: 2px;'/><span style='padding-bottom: 2px;'>16:28:10 (08:52.303)</span></div>TestClauseImpl failed.</div></div><div class='TestClauseImpl'><div class='TestItemTitle'><div style='float: right; font-size: 0.8em;'><img src='../../../..//timer_16x16.gif' style='height: 16; padding-top: 2px;'/><span style='padding-bottom: 2px;'>16:28:20 (09:02.322)</span></div>Start of TestClauseImpl Sub Steps</div><div class='ApiCallImpl'><div class='TestItemTitle'><div style='float: right; font-size: 0.8em;'><img src='../../../..//timer_16x16.gif' style='height: 16; padding-top: 2px;'/><span style='padding-bottom: 2px;'>16:28:20 (09:02.322)</span></div>Start of Test Step UI Assert</div><div class='TestOutput sev'>[WebDriverException: chrome not reachable&lt;br/&gt;  (Session info: chrome=75.0.3770.100)&lt;br/&gt;  (Driver info: chromedriver=2.46.628402 (536cd7adbad73a3783fdc2cab92ab2ba7ec361e1),platform=Windows NT 10.0.17763 x86_64) (WARNING: The server did not provide any stacktrace information)&lt;br/&gt;Command duration or timeout: 249 milliseconds&lt;br/&gt;Build info: version: 'unknown', revision: 'unknown', time: 'unknown'&lt;br/&gt;System info: host: 'XCD_92WLKP2', ip: '192.168.1.103', os.name: 'Windows 10', os.arch: 'amd64', os.version: '10.0', java.version: '1.8.0_191'&lt;br/&gt;Driver info: org.openqa.selenium.chrome.ChromeDriver&lt;br/&gt;Capabilities [{mobileEmulationEnabled=false, timeouts={implicit=0.0, pageLoad=300000.0, script=30000.0}, hasTouchScreen=false, platform=XP, acceptSslCerts=false, goog:chromeOptions={debuggerAddress=localhost:63186}, acceptInsecureCerts=false, webStorageEnabled=true, browserName=chrome, takesScreenshot=true, javascriptEnabled=true, setWindowRect=true, unexpectedAlertBehaviour=ignore, applicationCacheEnabled=false, rotatable=false, networkConnectionEnabled=false, chrome={chromedriverVersion=2.46.628402 (536cd7adbad73a3783fdc2cab92ab2ba7ec361e1), userDataDir=C:\Users\AzizMugdal\git\24-7PeopleXCDPayroll\.provarCaches\.chromeProfiles\profile1}, takesHeapSnapshot=true, pageLoadStrategy=normal, strictFileInteractability=false, databaseEnabled=false, handlesAlerts=true, version=75.0.3770.100, browserConnectionEnabled=false, proxy=Proxy(direct), nativeEvents=true, locationContextEnabled=true, cssSelectorsEnabled=true}]&lt;br/&gt;Session ID: bc326da7b0c9526a093ca3f35fcd178d]</div><div class='TestItemOutcome Failed'><div style='float: right; font-size: 0.8em;'><img src='../../../..//timer_16x16.gif' style='height: 16; padding-top: 2px;'/><span style='padding-bottom: 2px;'>16:28:45 (09:27.411)</span></div>Test Step failed.</div></div><div class='TestItemOutcome Failed'><div style='float: right; font-size: 0.8em;'><img src='../../../..//timer_16x16.gif' style='height: 16; padding-top: 2px;'/><span style='padding-bottom: 2px;'>16:28:45 (09:27.411)</span></div>TestClauseImpl failed.</div></div><div class='TestClauseImpl'><div class='TestItemTitle'><div style='float: right; font-size: 0.8em;'><img src='../../../..//timer_16x16.gif' style='height: 16; padding-top: 2px;'/><span style='padding-bottom: 2px;'>16:28:55 (09:37.431)</span></div>Start of TestClauseImpl Sub Steps</div><div class='ApiCallImpl'><div class='TestItemTitle'><div style='float: right; font-size: 0.8em;'><img src='../../../..//timer_16x16.gif' style='height: 16; padding-top: 2px;'/><span style='padding-bottom: 2px;'>16:28:55 (09:37.431)</span></div>Start of Test Step UI Assert</div><div class='TestOutput sev'>[WebDriverException: chrome not reachable&lt;br/&gt;  (Session info: chrome=75.0.3770.100)&lt;br/&gt;  (Driver info: chromedriver=2.46.628402 (536cd7adbad73a3783fdc2cab92ab2ba7ec361e1),platform=Windows NT 10.0.17763 x86_64) (WARNING: The server did not provide any stacktrace information)&lt;br/&gt;Command duration or timeout: 253 milliseconds&lt;br/&gt;Build info: version: 'unknown', revision: 'unknown', time: 'unknown'&lt;br/&gt;System info: host: 'XCD_92WLKP2', ip: '192.168.1.103', os.name: 'Windows 10', os.arch: 'amd64', os.version: '10.0', java.version: '1.8.0_191'&lt;br/&gt;Driver info: org.openqa.selenium.chrome.ChromeDriver&lt;br/&gt;Capabilities [{mobileEmulationEnabled=false, timeouts={implicit=0.0, pageLoad=300000.0, script=30000.0}, hasTouchScreen=false, platform=XP, acceptSslCerts=false, goog:chromeOptions={debuggerAddress=localhost:63186}, acceptInsecureCerts=false, webStorageEnabled=true, browserName=chrome, takesScreenshot=true, javascriptEnabled=true, setWindowRect=true, unexpectedAlertBehaviour=ignore, applicationCacheEnabled=false, rotatable=false, networkConnectionEnabled=false, chrome={chromedriverVersion=2.46.628402 (536cd7adbad73a3783fdc2cab92ab2ba7ec361e1), userDataDir=C:\Users\AzizMugdal\git\24-7PeopleXCDPayroll\.provarCaches\.chromeProfiles\profile1}, takesHeapSnapshot=true, pageLoadStrategy=normal, strictFileInteractability=false, databaseEnabled=false, handlesAlerts=true, version=75.0.3770.100, browserConnectionEnabled=false, proxy=Proxy(direct), nativeEvents=true, locationContextEnabled=true, cssSelectorsEnabled=true}]&lt;br/&gt;Session ID: bc326da7b0c9526a093ca3f35fcd178d]</div><div class='TestItemOutcome Failed'><div style='float: right; font-size: 0.8em;'><img src='../../../..//timer_16x16.gif' style='height: 16; padding-top: 2px;'/><span style='padding-bottom: 2px;'>16:29:20 (10:02.545)</span></div>Test Step failed.</div></div><div class='TestItemOutcome Failed'><div style='float: right; font-size: 0.8em;'><img src='../../../..//timer_16x16.gif' style='height: 16; padding-top: 2px;'/><span style='padding-bottom: 2px;'>16:29:20 (10:02.545)</span></div>TestClauseImpl failed.</div></div><div class='TestClauseImpl'><div class='TestItemTitle'><div style='float: right; font-size: 0.8em;'><img src='../../../..//timer_16x16.gif' style='height: 16; padding-top: 2px;'/><span style='padding-bottom: 2px;'>16:29:30 (10:12.552)</span></div>Start of TestClauseImpl Sub Steps</div><div class='ApiCallImpl'><div class='TestItemTitle'><div style='float: right; font-size: 0.8em;'><img src='../../../..//timer_16x16.gif' style='height: 16; padding-top: 2px;'/><span style='padding-bottom: 2px;'>16:29:30 (10:12.552)</span></div>Start of Test Step UI Assert</div><div class='TestOutput sev'>[WebDriverException: chrome not reachable&lt;br/&gt;  (Session info: chrome=75.0.3770.100)&lt;br/&gt;  (Driver info: chromedriver=2.46.628402 (536cd7adbad73a3783fdc2cab92ab2ba7ec361e1),platform=Windows NT 10.0.17763 x86_64) (WARNING: The server did not provide any stacktrace information)&lt;br/&gt;Command duration or timeout: 253 milliseconds&lt;br/&gt;Build info: version: 'unknown', revision: 'unknown', time: 'unknown'&lt;br/&gt;System info: host: 'XCD_92WLKP2', ip: '192.168.1.103', os.name: 'Windows 10', os.arch: 'amd64', os.version: '10.0', java.version: '1.8.0_191'&lt;br/&gt;Driver info: org.openqa.selenium.chrome.ChromeDriver&lt;br/&gt;Capabilities [{mobileEmulationEnabled=false, timeouts={implicit=0.0, pageLoad=300000.0, script=30000.0}, hasTouchScreen=false, platform=XP, acceptSslCerts=false, goog:chromeOptions={debuggerAddress=localhost:63186}, acceptInsecureCerts=false, webStorageEnabled=true, browserName=chrome, takesScreenshot=true, javascriptEnabled=true, setWindowRect=true, unexpectedAlertBehaviour=ignore, applicationCacheEnabled=false, rotatable=false, networkConnectionEnabled=false, chrome={chromedriverVersion=2.46.628402 (536cd7adbad73a3783fdc2cab92ab2ba7ec361e1), userDataDir=C:\Users\AzizMugdal\git\24-7PeopleXCDPayroll\.provarCaches\.chromeProfiles\profile1}, takesHeapSnapshot=true, pageLoadStrategy=normal, strictFileInteractability=false, databaseEnabled=false, handlesAlerts=true, version=75.0.3770.100, browserConnectionEnabled=false, proxy=Proxy(direct), nativeEvents=true, locationContextEnabled=true, cssSelectorsEnabled=true}]&lt;br/&gt;Session ID: bc326da7b0c9526a093ca3f35fcd178d]</div><div class='TestItemOutcome Failed'><div style='float: right; font-size: 0.8em;'><img src='../../../..//timer_16x16.gif' style='height: 16; padding-top: 2px;'/><span style='padding-bottom: 2px;'>16:29:55 (10:37.662)</span></div>Test Step failed.</div></div><div class='TestItemOutcome Failed'><div style='float: right; font-size: 0.8em;'><img src='../../../..//timer_16x16.gif' style='height: 16; padding-top: 2px;'/><span style='padding-bottom: 2px;'>16:29:55 (10:37.662)</span></div>TestClauseImpl failed.</div></div><div class='TestOutput sev'>Failing Test Step because the Loop Limit has been reached.</div><div class='TestItemOutcome Failed'><div style='float: right; font-size: 0.8em;'><img src='../../../..//timer_16x16.gif' style='height: 16; padding-top: 2px;'/><span style='padding-bottom: 2px;'>16:29:55 (10:37.674)</span></div>Test Step failed.</div></div><div class='TestOutput sev'>One or more Sub-Test Steps failed.</div><div class='TestOutput sev'>[WebDriverException: chrome not reachable&lt;br/&gt;  (Session info: chrome=75.0.3770.100)&lt;br/&gt;  (Driver info: chromedriver=2.46.628402 (536cd7adbad73a3783fdc2cab92ab2ba7ec361e1),platform=Windows NT 10.0.17763 x86_64) (WARNING: The server did not provide any stacktrace information)&lt;br/&gt;Command duration or timeout: 251 milliseconds&lt;br/&gt;Build info: version: 'unknown', revision: 'unknown', time: 'unknown'&lt;br/&gt;System info: host: 'XCD_92WLKP2', ip: '192.168.1.103', os.name: 'Windows 10', os.arch: 'amd64', os.version: '10.0', java.version: '1.8.0_191'&lt;br/&gt;Driver info: org.openqa.selenium.chrome.ChromeDriver&lt;br/&gt;Capabilities [{mobileEmulationEnabled=false, timeouts={implicit=0.0, pageLoad=300000.0, script=30000.0}, hasTouchScreen=false, platform=XP, acceptSslCerts=false, goog:chromeOptions={debuggerAddress=localhost:63186}, acceptInsecureCerts=false, webStorageEnabled=true, browserName=chrome, takesScreenshot=true, javascriptEnabled=true, setWindowRect=true, unexpectedAlertBehaviour=ignore, applicationCacheEnabled=false, rotatable=false, networkConnectionEnabled=false, chrome={chromedriverVersion=2.46.628402 (536cd7adbad73a3783fdc2cab92ab2ba7ec361e1), userDataDir=C:\Users\AzizMugdal\git\24-7PeopleXCDPayroll\.provarCaches\.chromeProfiles\profile1}, takesHeapSnapshot=true, pageLoadStrategy=normal, strictFileInteractability=false, databaseEnabled=false, handlesAlerts=true, version=75.0.3770.100, browserConnectionEnabled=false, proxy=Proxy(direct), nativeEvents=true, locationContextEnabled=true, cssSelectorsEnabled=true}]&lt;br/&gt;Session ID: bc326da7b0c9526a093ca3f35fcd178d]</div><div class='TestItemOutcome Failed'><div style='float: right; font-size: 0.8em;'><img src='../../../..//timer_16x16.gif' style='height: 16; padding-top: 2px;'/><span style='padding-bottom: 2px;'>16:30:08 (10:50.241)</span></div>Test Step failed.</div></div><div class='ApiCallImpl'><div class='TestItemTitle'><div style='float: right; font-size: 0.8em;'><img src='../../../..//timer_16x16.gif' style='height: 16; padding-top: 2px;'/><span style='padding-bottom: 2px;'>16:30:08 (10:50.241)</span></div>Start of Test Step If: {DraftStatus.fields.draftStatus.value = "Draft"}</div><div class='TestClauseImpl'><div class='TestItemTitle'><div style='float: right; font-size: 0.8em;'><img src='../../../..//timer_16x16.gif' style='height: 16; padding-top: 2px;'/><span style='padding-bottom: 2px;'>16:30:08 (10:50.246)</span></div>Start of TestClauseImpl Else</div><div class='ApiCallImpl'><div class='TestItemTitle'><div style='float: right; font-size: 0.8em;'><img src='../../../..//timer_16x16.gif' style='height: 16; padding-top: 2px;'/><span style='padding-bottom: 2px;'>16:30:08 (10:50.246)</span></div>Start of Test Step Navigate: Refresh</div><div class='TestOutput sev'>The required connection name isn't present.  This should come from the containing With Screen API.</div><div class='TestOutput sev'>The required connection name isn't present.  This should come from the containing With Screen API.</div><div class='TestItemOutcome Failed'><div style='float: right; font-size: 0.8em;'><img src='../../../..//timer_16x16.gif' style='height: 16; padding-top: 2px;'/><span style='padding-bottom: 2px;'>16:30:08 (10:50.264)</span></div>Test Step failed.</div></div><div class='ApiCallImpl'><div class='TestItemTitle'><div style='float: right; font-size: 0.8em;'><img src='../../../..//timer_16x16.gif' style='height: 16; padding-top: 2px;'/><span style='padding-bottom: 2px;'>16:30:08 (10:50.264)</span></div>Start of Test Step Sleep for {20} seconds</div><div class='TestOutput off'>Timed sleep successful.  Requested duration(seconds): 20, Actual duration(seconds): 20</div><div class='TestItemOutcome Successful'><div style='float: right; font-size: 0.8em;'><img src='../../../..//timer_16x16.gif' style='height: 16; padding-top: 2px;'/><span style='padding-bottom: 2px;'>16:30:28 (11:10.267)</span></div>Test Step successful.</div></div><div class='ApiCallImpl'><div class='TestItemTitle'><div style='float: right; font-size: 0.8em;'><img src='../../../..//timer_16x16.gif' style='height: 16; padding-top: 2px;'/><span style='padding-bottom: 2px;'>16:30:28 (11:10.268)</span></div>Start of Test Step On SF xcdhcm__PayrollPeriod page with pageobject Xcdhcm__ Payroll Period</div><div class='TestOutput sev'>[WebDriverException: chrome not reachable&lt;br/&gt;  (Session info: chrome=75.0.3770.100)&lt;br/&gt;  (Driver info: chromedriver=2.46.628402 (536cd7adbad73a3783fdc2cab92ab2ba7ec361e1),platform=Windows NT 10.0.17763 x86_64) (WARNING: The server did not provide any stacktrace information)&lt;br/&gt;Command duration or timeout: 252 milliseconds&lt;br/&gt;Build info: version: 'unknown', revision: 'unknown', time: 'unknown'&lt;br/&gt;System info: host: 'XCD_92WLKP2', ip: '192.168.1.103', os.name: 'Windows 10', os.arch: 'amd64', os.version: '10.0', java.version: '1.8.0_191'&lt;br/&gt;Driver info: org.openqa.selenium.chrome.ChromeDriver&lt;br/&gt;Capabilities [{mobileEmulationEnabled=false, timeouts={implicit=0.0, pageLoad=300000.0, script=30000.0}, hasTouchScreen=false, platform=XP, acceptSslCerts=false, goog:chromeOptions={debuggerAddress=localhost:63186}, acceptInsecureCerts=false, webStorageEnabled=true, browserName=chrome, takesScreenshot=true, javascriptEnabled=true, setWindowRect=true, unexpectedAlertBehaviour=ignore, applicationCacheEnabled=false, rotatable=false, networkConnectionEnabled=false, chrome={chromedriverVersion=2.46.628402 (536cd7adbad73a3783fdc2cab92ab2ba7ec361e1), userDataDir=C:\Users\AzizMugdal\git\24-7PeopleXCDPayroll\.provarCaches\.chromeProfiles\profile1}, takesHeapSnapshot=true, pageLoadStrategy=normal, strictFileInteractability=false, databaseEnabled=false, handlesAlerts=true, version=75.0.3770.100, browserConnectionEnabled=false, proxy=Proxy(direct), nativeEvents=true, locationContextEnabled=true, cssSelectorsEnabled=true}]&lt;br/&gt;Session ID: bc326da7b0c9526a093ca3f35fcd178d]</div><div class='TestOutput sev'>The required connection name isn't present.  This should come from the containing With Screen API.</div><div class='TestItemOutcome Failed'><div style='float: right; font-size: 0.8em;'><img src='../../../..//timer_16x16.gif' style='height: 16; padding-top: 2px;'/><span style='padding-bottom: 2px;'>16:30:40 (11:22.841)</span></div>Test Step failed.</div></div><div class='ApiCallImpl'><div class='TestItemTitle'><div style='float: right; font-size: 0.8em;'><img src='../../../..//timer_16x16.gif' style='height: 16; padding-top: 2px;'/><span style='padding-bottom: 2px;'>16:30:40 (11:22.841)</span></div>Start of Test Step If: {DraftStatus.fields.draftStatus.value = "Draft"}</div><div class='TestClauseImpl'><div class='TestItemTitle'><div style='float: right; font-size: 0.8em;'><img src='../../../..//timer_16x16.gif' style='height: 16; padding-top: 2px;'/><span style='padding-bottom: 2px;'>16:30:41 (11:22.846)</span></div>Start of TestClauseImpl Else</div><div class='ApiCallImpl'><div class='TestItemTitle'><div style='float: right; font-size: 0.8em;'><img src='../../../..//timer_16x16.gif' style='height: 16; padding-top: 2px;'/><span style='padding-bottom: 2px;'>16:30:41 (11:22.846)</span></div>Start of Test Step On SF xcdhcm__PayrollPeriod page with pageobject Xcdhcm__ Payroll Period</div><div class='TestOutput sev'>[WebDriverException: chrome not reachable&lt;br/&gt;  (Session info: chrome=75.0.3770.100)&lt;br/&gt;  (Driver info: chromedriver=2.46.628402 (536cd7adbad73a3783fdc2cab92ab2ba7ec361e1),platform=Windows NT 10.0.17763 x86_64) (WARNING: The server did not provide any stacktrace information)&lt;br/&gt;Command duration or timeout: 250 milliseconds&lt;br/&gt;Build info: version: 'unknown', revision: 'unknown', time: 'unknown'&lt;br/&gt;System info: host: 'XCD_92WLKP2', ip: '192.168.1.103', os.name: 'Windows 10', os.arch: 'amd64', os.version: '10.0', java.version: '1.8.0_191'&lt;br/&gt;Driver info: org.openqa.selenium.chrome.ChromeDriver&lt;br/&gt;Capabilities [{mobileEmulationEnabled=false, timeouts={implicit=0.0, pageLoad=300000.0, script=30000.0}, hasTouchScreen=false, platform=XP, acceptSslCerts=false, goog:chromeOptions={debuggerAddress=localhost:63186}, acceptInsecureCerts=false, webStorageEnabled=true, browserName=chrome, takesScreenshot=true, javascriptEnabled=true, setWindowRect=true, unexpectedAlertBehaviour=ignore, applicationCacheEnabled=false, rotatable=false, networkConnectionEnabled=false, chrome={chromedriverVersion=2.46.628402 (536cd7adbad73a3783fdc2cab92ab2ba7ec361e1), userDataDir=C:\Users\AzizMugdal\git\24-7PeopleXCDPayroll\.provarCaches\.chromeProfiles\profile1}, takesHeapSnapshot=true, pageLoadStrategy=normal, strictFileInteractability=false, databaseEnabled=false, handlesAlerts=true, version=75.0.3770.100, browserConnectionEnabled=false, proxy=Proxy(direct), nativeEvents=true, locationContextEnabled=true, cssSelectorsEnabled=true}]&lt;br/&gt;Session ID: bc326da7b0c9526a093ca3f35fcd178d]</div><div class='TestOutput sev'>The required connection name isn't present.  This should come from the containing With Screen API.</div><div class='TestItemOutcome Failed'><div style='float: right; font-size: 0.8em;'><img src='../../../..//timer_16x16.gif' style='height: 16; padding-top: 2px;'/><span style='padding-bottom: 2px;'>16:30:53 (11:35.411)</span></div>Test Step failed.</div></div><div class='ApiCallImpl'><div class='TestItemTitle'><div style='float: right; font-size: 0.8em;'><img src='../../../..//timer_16x16.gif' style='height: 16; padding-top: 2px;'/><span style='padding-bottom: 2px;'>16:30:53 (11:35.411)</span></div>Start of Test Step If: {DraftStatus.fields.draftStatus.value = "Draft"}</div><div class='TestItemOutcome Successful'><div style='float: right; font-size: 0.8em;'><img src='../../../..//timer_16x16.gif' style='height: 16; padding-top: 2px;'/><span style='padding-bottom: 2px;'>16:30:53 (11:35.416)</span></div>Test Step successful.</div></div><div class='TestItemOutcome Failed'><div style='float: right; font-size: 0.8em;'><img src='../../../..//timer_16x16.gif' style='height: 16; padding-top: 2px;'/><span style='padding-bottom: 2px;'>16:30:53 (11:35.416)</span></div>TestClauseImpl failed.</div></div><div class='TestItemOutcome Failed'><div style='float: right; font-size: 0.8em;'><img src='../../../..//timer_16x16.gif' style='height: 16; padding-top: 2px;'/><span style='padding-bottom: 2px;'>16:30:53 (11:35.416)</span></div>Test Step failed.</div></div><div class='TestItemOutcome Failed'><div style='float: right; font-size: 0.8em;'><img src='../../../..//timer_16x16.gif' style='height: 16; padding-top: 2px;'/><span style='padding-bottom: 2px;'>16:30:53 (11:35.416)</span></div>TestClauseImpl failed.</div></div><div class='TestItemOutcome Failed'><div style='float: right; font-size: 0.8em;'><img src='../../../..//timer_16x16.gif' style='height: 16; padding-top: 2px;'/><span style='padding-bottom: 2px;'>16:30:53 (11:35.416)</span></div>Test Step failed.</div></div><div class='TestItemOutcome Failed'><div style='float: right; font-size: 0.8em;'><img src='../../../..//timer_16x16.gif' style='height: 16; padding-top: 2px;'/><span style='padding-bottom: 2px;'>16:30:53 (11:35.417)</span></div>Test Case failed.</div></div><div class='TestOutput war'>Failed to perform ui logout, before closing the connection.</div><div class='TestOutput off'>Salesforce Connection closed successfully.  Name: Admin</div>
	</div></body>
</html>
