<html>
	<head>
		<style>

			body {
				font-family: sans-serif;
			}

			.TestCaseImplTitle {
				color: blue;
				font: 0.85em arial;
				font-weight: bold;
			}

			.TestCaseImpl .TestItemTitle {
				color: blue;
				border-top: 2px solid blue;
				border-bottom: 2px solid blue;
				margin-bottom: 0.5em;
			}

			.TestCaseImpl .TestItemOutcome {
				border-top: 2px solid blue;
				border-bottom: 2px solid blue;
			}

			.ApiCallImpl .TestItemTitle{
				color: blue;
				border-top: 1px solid blue;
				border-bottom: 1px solid blue;
				padding-top: 0.1em;
				padding-bottom: 0.1em;
				margin-top: 0.25em;
				margin-bottom: 0.25em;
			}

			.ApiCallImpl .TestItemOutcome {
				border-top: 1px solid blue;
				border-bottom: 1px solid blue;
				padding-top: 0.1em;
				padding-bottom: 0.1em;
				margin-top: 0.25em;
			}

			.TestItemOutcome {
				padding-left: 20px;
				padding-top: 0.1em;
				padding-bottom: 0.1em;
				clear: both;
			}
			
			.TestItemOutcome.Successful {
				color: green;
				background: url('../../../../successful_16x16.gif') no-repeat 0 0.15em;
			}

			.TestItemOutcome.Failed {
				color: red;
				background: url('../../../../failed_16x16.gif') no-repeat 0 0.15em;
				font-weight: bold;
			}

			.TestItemOutcome.Skipped {
				color: orange;
				background: url('../../../../skipped_16x16.gif') no-repeat 0 0.15em;
			}

			.TestOutput {
				font: 0.9em arial;
				color: black;
				margin-top: 0.15em;
				margin-bottom: 0.15em;
			}

			.TestOutput.err {
				font-weight: bold;
				color: red;
			}

			.TestOutput.war {
				font-weight: bold;
				color: orange;
			}

			.ApiCallImpl{
				margin-left: 1em;
				margin-bottom: 0.4em;
			}

			.TestCaseCallImpl{
				margin-left: 1em;
				margin-bottom: 0.4em;
			}
			
		</style>
	</head>
	<body><div id='detail-body'>
	<div style='float: right;'><img src='../../../..//provar_logo_400x100.png' height='50'/></div>
<h2><img src='../../../..//testcase_16x16.png' style='height: 24; padding-top: 4px;'/> D_NITwoWeeklyCatHTestScript.testcase</h2>
<div class='TestCaseImpl'><div class='TestItemTitle'><div style='float: right; font-size: 0.8em;'><img src='../../../..//timer_16x16.gif' style='height: 16; padding-top: 2px;'/><span style='padding-bottom: 2px;'>12:32:27 (00:00.000)</span></div>Start of Test Case D_NITwoWeeklyCatHTestScript.testcase</div><div class='ApiCallImpl'><div class='TestItemTitle'><div style='float: right; font-size: 0.8em;'><img src='../../../..//timer_16x16.gif' style='height: 16; padding-top: 2px;'/><span style='padding-bottom: 2px;'>12:32:27 (00:00.009)</span></div>Start of Test Step Salesforce Connect: Admin (Test)</div><div class='TestOutput off'>Salesforce connection opened successfully.  Connection name: Admin, ResultName: Admin, resultScope: Test</div><div class='TestItemOutcome Successful'><div style='float: right; font-size: 0.8em;'><img src='../../../..//timer_16x16.gif' style='height: 16; padding-top: 2px;'/><span style='padding-bottom: 2px;'>12:32:32 (00:04.586)</span></div>Test Step successful.</div></div><div class='ApiCallImpl'><div class='TestItemTitle'><div style='float: right; font-size: 0.8em;'><img src='../../../..//timer_16x16.gif' style='height: 16; padding-top: 2px;'/><span style='padding-bottom: 2px;'>12:32:32 (00:04.586)</span></div>Start of Test Step Click On Payroll Link</div><div class='ApiCallImpl'><div class='TestItemTitle'><div style='float: right; font-size: 0.8em;'><img src='../../../..//timer_16x16.gif' style='height: 16; padding-top: 2px;'/><span style='padding-bottom: 2px;'>12:32:32 (00:04.589)</span></div>Start of Test Step Sleep for {15} seconds</div><div class='TestOutput off'>Timed sleep successful.  Requested duration(seconds): 15, Actual duration(seconds): 15</div><div class='TestItemOutcome Successful'><div style='float: right; font-size: 0.8em;'><img src='../../../..//timer_16x16.gif' style='height: 16; padding-top: 2px;'/><span style='padding-bottom: 2px;'>12:32:47 (00:19.599)</span></div>Test Step successful.</div></div><div class='ApiCallImpl'><div class='TestItemTitle'><div style='float: right; font-size: 0.8em;'><img src='../../../..//timer_16x16.gif' style='height: 16; padding-top: 2px;'/><span style='padding-bottom: 2px;'>12:32:47 (00:19.599)</span></div>Start of Test Step On PayrollTab page</div><div class='ApiCallImpl'><div class='TestItemTitle'><div style='float: right; font-size: 0.8em;'><img src='../../../..//timer_16x16.gif' style='height: 16; padding-top: 2px;'/><span style='padding-bottom: 2px;'>12:33:08 (00:40.387)</span></div>Start of Test Step Click the Payroll Tab</div><div class='TestItemOutcome Successful'><div style='float: right; font-size: 0.8em;'><img src='../../../..//timer_16x16.gif' style='height: 16; padding-top: 2px;'/><span style='padding-bottom: 2px;'>12:33:08 (00:40.950)</span></div>Test Step successful.</div></div><div class='ApiCallImpl'><div class='TestItemTitle'><div style='float: right; font-size: 0.8em;'><img src='../../../..//timer_16x16.gif' style='height: 16; padding-top: 2px;'/><span style='padding-bottom: 2px;'>12:33:08 (00:40.950)</span></div>Start of Test Step Sleep for {20} seconds</div><div class='TestOutput off'>Timed sleep successful.  Requested duration(seconds): 20, Actual duration(seconds): 20</div><div class='TestItemOutcome Successful'><div style='float: right; font-size: 0.8em;'><img src='../../../..//timer_16x16.gif' style='height: 16; padding-top: 2px;'/><span style='padding-bottom: 2px;'>12:33:28 (01:00.958)</span></div>Test Step successful.</div></div><div class='TestItemOutcome Successful'><div style='float: right; font-size: 0.8em;'><img src='../../../..//timer_16x16.gif' style='height: 16; padding-top: 2px;'/><span style='padding-bottom: 2px;'>12:33:30 (01:02.996)</span></div>Test Step successful.</div></div><div class='ApiCallImpl'><div class='TestItemTitle'><div style='float: right; font-size: 0.8em;'><img src='../../../..//timer_16x16.gif' style='height: 16; padding-top: 2px;'/><span style='padding-bottom: 2px;'>12:33:30 (01:02.996)</span></div>Start of Test Step On SF xcdhcm__Payroll page with pageobject Xcdhcm__ Payroll</div><div class='ApiCallImpl'><div class='TestItemTitle'><div style='float: right; font-size: 0.8em;'><img src='../../../..//timer_16x16.gif' style='height: 16; padding-top: 2px;'/><span style='padding-bottom: 2px;'>12:33:30 (01:03.215)</span></div>Start of Test Step UI Assert</div><div style='float: right;' ><a target='_blank' href='../../../../Artifacts/ScreenShot43'><img style='width: 150px; border: solid 2px grey;' src='../../../../Artifacts/ScreenShot43'></img></a></div><div class='TestOutput sev'>{ASSERTION_FAILED}Assertion Failed.null EqualTo Search</div><div class='TestItemOutcome Failed'><div style='float: right; font-size: 0.8em;'><img src='../../../..//timer_16x16.gif' style='height: 16; padding-top: 2px;'/><span style='padding-bottom: 2px;'>12:33:47 (01:19.388)</span></div>Test Step failed.</div></div><div class='TestOutput sev'>One or more Sub-Test Steps failed.</div><div class='TestItemOutcome Failed'><div style='float: right; font-size: 0.8em;'><img src='../../../..//timer_16x16.gif' style='height: 16; padding-top: 2px;'/><span style='padding-bottom: 2px;'>12:33:49 (01:21.440)</span></div>Test Step failed.</div></div><div class='TestItemOutcome Failed'><div style='float: right; font-size: 0.8em;'><img src='../../../..//timer_16x16.gif' style='height: 16; padding-top: 2px;'/><span style='padding-bottom: 2px;'>12:33:49 (01:21.443)</span></div>Test Step failed.</div></div><div class='ApiCallImpl'><div class='TestItemTitle'><div style='float: right; font-size: 0.8em;'><img src='../../../..//timer_16x16.gif' style='height: 16; padding-top: 2px;'/><span style='padding-bottom: 2px;'>12:33:49 (01:21.443)</span></div>Start of Test Step On SF xcdhcm__Payroll page with pageobject Xcdhcm__ Payroll</div><div class='ApiCallImpl'><div class='TestItemTitle'><div style='float: right; font-size: 0.8em;'><img src='../../../..//timer_16x16.gif' style='height: 16; padding-top: 2px;'/><span style='padding-bottom: 2px;'>12:33:49 (01:21.559)</span></div>Start of Test Step Set the Search field to NI2WCH_Payroll</div><div style='float: right;' ><a target='_blank' href='../../../../Artifacts/ScreenShot44'><img style='width: 150px; border: solid 2px grey;' src='../../../../Artifacts/ScreenShot44'></img></a></div><div class='TestOutput sev'>Field not found on the screen.  Locator: com.provar.plugins.forcedotcom.core.ui.ProvarElementLocator@72db8e03</div><div class='TestOutput off'>Background activity wait successful.  Actual duration(seconds): 0.271</div><div class='TestItemOutcome Failed'><div style='float: right; font-size: 0.8em;'><img src='../../../..//timer_16x16.gif' style='height: 16; padding-top: 2px;'/><span style='padding-bottom: 2px;'>12:34:14 (01:46.437)</span></div>Test Step failed.</div></div><div class='ApiCallImpl'><div class='TestItemTitle'><div style='float: right; font-size: 0.8em;'><img src='../../../..//timer_16x16.gif' style='height: 16; padding-top: 2px;'/><span style='padding-bottom: 2px;'>12:34:14 (01:46.437)</span></div>Start of Test Step Click the NIWCA_Payroll Payroll button</div><div style='float: right;' ><a target='_blank' href='../../../../Artifacts/ScreenShot45'><img style='width: 150px; border: solid 2px grey;' src='../../../../Artifacts/ScreenShot45'></img></a></div><div class='TestOutput sev'>Error doing interaction.  Connection Name: Admin, cause: [NoSuchElementException: Failed to resolve Element - element not found on page.  Selenium By: By.xpath: //*[(@id='j_id0:j_id3') or (@name='j_id0:j_id3')]//tr[1]/td[1]/a&lt;br/&gt;For documentation on this error, please visit: http://seleniumhq.org/exceptions/no_such_element.html&lt;br/&gt;Build info: version: 'unknown', revision: 'unknown', time: 'unknown'&lt;br/&gt;System info: host: 'XCD_92WLKP2', ip: '192.168.1.12', os.name: 'Windows 10', os.arch: 'amd64', os.version: '10.0', java.version: '1.8.0_191'&lt;br/&gt;Driver info: driver.version: ProvarSeleniumDriver]</div><div class='TestItemOutcome Failed'><div style='float: right; font-size: 0.8em;'><img src='../../../..//timer_16x16.gif' style='height: 16; padding-top: 2px;'/><span style='padding-bottom: 2px;'>12:34:28 (02:01.047)</span></div>Test Step failed.</div></div><div class='TestOutput sev'>One or more Sub-Test Steps failed.</div><div class='TestItemOutcome Failed'><div style='float: right; font-size: 0.8em;'><img src='../../../..//timer_16x16.gif' style='height: 16; padding-top: 2px;'/><span style='padding-bottom: 2px;'>12:34:30 (02:03.096)</span></div>Test Step failed.</div></div><div class='ApiCallImpl'><div class='TestItemTitle'><div style='float: right; font-size: 0.8em;'><img src='../../../..//timer_16x16.gif' style='height: 16; padding-top: 2px;'/><span style='padding-bottom: 2px;'>12:34:30 (02:03.096)</span></div>Start of Test Step On SF xcdhcm__PayrollDetailView page with pageobject Pay Run Table VF Page</div><div class='ApiCallImpl'><div class='TestItemTitle'><div style='float: right; font-size: 0.8em;'><img src='../../../..//timer_16x16.gif' style='height: 16; padding-top: 2px;'/><span style='padding-bottom: 2px;'>12:34:31 (02:03.309)</span></div>Start of Test Step Sleep for {10} seconds</div><div class='TestOutput off'>Timed sleep successful.  Requested duration(seconds): 10, Actual duration(seconds): 10</div><div class='TestItemOutcome Successful'><div style='float: right; font-size: 0.8em;'><img src='../../../..//timer_16x16.gif' style='height: 16; padding-top: 2px;'/><span style='padding-bottom: 2px;'>12:34:41 (02:13.322)</span></div>Test Step successful.</div></div><div class='ApiCallImpl'><div class='TestItemTitle'><div style='float: right; font-size: 0.8em;'><img src='../../../..//timer_16x16.gif' style='height: 16; padding-top: 2px;'/><span style='padding-bottom: 2px;'>12:34:41 (02:13.322)</span></div>Start of Test Step With Pay Roll Table rows 1</div><div style='float: right;' ><a target='_blank' href='../../../../Artifacts/ScreenShot46'><img style='width: 150px; border: solid 2px grey;' src='../../../../Artifacts/ScreenShot46'></img></a></div><div class='TestOutput sev'>The row locator did not match any rows.</div><div class='TestItemOutcome Failed'><div style='float: right; font-size: 0.8em;'><img src='../../../..//timer_16x16.gif' style='height: 16; padding-top: 2px;'/><span style='padding-bottom: 2px;'>12:35:05 (02:37.882)</span></div>Test Step failed.</div></div><div class='ApiCallImpl'><div class='TestItemTitle'><div style='float: right; font-size: 0.8em;'><img src='../../../..//timer_16x16.gif' style='height: 16; padding-top: 2px;'/><span style='padding-bottom: 2px;'>12:35:05 (02:37.882)</span></div>Start of Test Step If: {Payrun.fields.payRun.value = "Week-1"}</div><div class='TestClauseImpl'><div class='TestItemTitle'><div style='float: right; font-size: 0.8em;'><img src='../../../..//timer_16x16.gif' style='height: 16; padding-top: 2px;'/><span style='padding-bottom: 2px;'>12:35:05 (02:37.897)</span></div>Start of TestClauseImpl Else</div><div class='ApiCallImpl'><div class='TestItemTitle'><div style='float: right; font-size: 0.8em;'><img src='../../../..//timer_16x16.gif' style='height: 16; padding-top: 2px;'/><span style='padding-bottom: 2px;'>12:35:05 (02:37.898)</span></div>Start of Test Step Click the Generate Period button</div><div style='float: right;' ><a target='_blank' href='../../../../Artifacts/ScreenShot47'><img style='width: 150px; border: solid 2px grey;' src='../../../../Artifacts/ScreenShot47'></img></a></div><div class='TestOutput sev'>Field not found on Page Object.  Parent class: pageobjects.PayRunTableVFPage, field: generatePeriod</div><div class='TestOutput sev'>The field did not resolve to a WebElement.  Page Object: pageobjects.PayRunTableVFPage, Page Object class: pageobjects.PayRunTableVFPage, field: generatePeriod</div><div class='TestItemOutcome Failed'><div style='float: right; font-size: 0.8em;'><img src='../../../..//timer_16x16.gif' style='height: 16; padding-top: 2px;'/><span style='padding-bottom: 2px;'>12:35:10 (02:42.361)</span></div>Test Step failed.</div></div><div class='ApiCallImpl'><div class='TestItemTitle'><div style='float: right; font-size: 0.8em;'><img src='../../../..//timer_16x16.gif' style='height: 16; padding-top: 2px;'/><span style='padding-bottom: 2px;'>12:35:10 (02:42.361)</span></div>Start of Test Step Sleep for {5} seconds</div><div class='TestOutput off'>Timed sleep successful.  Requested duration(seconds): 5, Actual duration(seconds): 5</div><div class='TestItemOutcome Successful'><div style='float: right; font-size: 0.8em;'><img src='../../../..//timer_16x16.gif' style='height: 16; padding-top: 2px;'/><span style='padding-bottom: 2px;'>12:35:15 (02:47.452)</span></div>Test Step successful.</div></div><div class='ApiCallImpl'><div class='TestItemTitle'><div style='float: right; font-size: 0.8em;'><img src='../../../..//timer_16x16.gif' style='height: 16; padding-top: 2px;'/><span style='padding-bottom: 2px;'>12:35:15 (02:47.452)</span></div>Start of Test Step With Pay Roll Table rows 1</div><div style='float: right;' ><a target='_blank' href='../../../../Artifacts/ScreenShot48'><img style='width: 150px; border: solid 2px grey;' src='../../../../Artifacts/ScreenShot48'></img></a></div><div class='TestOutput sev'>The row locator did not match any rows.</div><div class='TestItemOutcome Failed'><div style='float: right; font-size: 0.8em;'><img src='../../../..//timer_16x16.gif' style='height: 16; padding-top: 2px;'/><span style='padding-bottom: 2px;'>12:35:39 (03:12.124)</span></div>Test Step failed.</div></div><div class='ApiCallImpl'><div class='TestItemTitle'><div style='float: right; font-size: 0.8em;'><img src='../../../..//timer_16x16.gif' style='height: 16; padding-top: 2px;'/><span style='padding-bottom: 2px;'>12:35:39 (03:12.124)</span></div>Start of Test Step If: {Status.fields.status.value = "New"}</div><div class='TestItemOutcome Successful'><div style='float: right; font-size: 0.8em;'><img src='../../../..//timer_16x16.gif' style='height: 16; padding-top: 2px;'/><span style='padding-bottom: 2px;'>12:35:39 (03:12.135)</span></div>Test Step successful.</div></div><div class='TestItemOutcome Failed'><div style='float: right; font-size: 0.8em;'><img src='../../../..//timer_16x16.gif' style='height: 16; padding-top: 2px;'/><span style='padding-bottom: 2px;'>12:35:39 (03:12.135)</span></div>TestClauseImpl failed.</div></div><div class='TestItemOutcome Failed'><div style='float: right; font-size: 0.8em;'><img src='../../../..//timer_16x16.gif' style='height: 16; padding-top: 2px;'/><span style='padding-bottom: 2px;'>12:35:39 (03:12.135)</span></div>Test Step failed.</div></div><div class='TestOutput sev'>One or more Sub-Test Steps failed.</div><div class='TestItemOutcome Failed'><div style='float: right; font-size: 0.8em;'><img src='../../../..//timer_16x16.gif' style='height: 16; padding-top: 2px;'/><span style='padding-bottom: 2px;'>12:35:41 (03:14.160)</span></div>Test Step failed.</div></div><div class='ApiCallImpl'><div class='TestItemTitle'><div style='float: right; font-size: 0.8em;'><img src='../../../..//timer_16x16.gif' style='height: 16; padding-top: 2px;'/><span style='padding-bottom: 2px;'>12:35:41 (03:14.160)</span></div>Start of Test Step On SF xcdhcm__PayrollPeriod page with pageobject Xcdhcm__ Payroll Period</div><div class='ApiCallImpl'><div class='TestItemTitle'><div style='float: right; font-size: 0.8em;'><img src='../../../..//timer_16x16.gif' style='height: 16; padding-top: 2px;'/><span style='padding-bottom: 2px;'>12:35:42 (03:14.264)</span></div>Start of Test Step Navigate: Refresh</div><div class='TestItemOutcome Successful'><div style='float: right; font-size: 0.8em;'><img src='../../../..//timer_16x16.gif' style='height: 16; padding-top: 2px;'/><span style='padding-bottom: 2px;'>12:35:45 (03:17.270)</span></div>Test Step successful.</div></div><div class='ApiCallImpl'><div class='TestItemTitle'><div style='float: right; font-size: 0.8em;'><img src='../../../..//timer_16x16.gif' style='height: 16; padding-top: 2px;'/><span style='padding-bottom: 2px;'>12:35:45 (03:17.270)</span></div>Start of Test Step Sleep for {15} seconds</div><div class='TestOutput off'>Timed sleep successful.  Requested duration(seconds): 15, Actual duration(seconds): 15</div><div class='TestItemOutcome Successful'><div style='float: right; font-size: 0.8em;'><img src='../../../..//timer_16x16.gif' style='height: 16; padding-top: 2px;'/><span style='padding-bottom: 2px;'>12:36:00 (03:32.274)</span></div>Test Step successful.</div></div><div class='ApiCallImpl'><div class='TestItemTitle'><div style='float: right; font-size: 0.8em;'><img src='../../../..//timer_16x16.gif' style='height: 16; padding-top: 2px;'/><span style='padding-bottom: 2px;'>12:36:00 (03:32.274)</span></div>Start of Test Step Uncheck the Payroll Set Up Un Select field</div><div style='float: right;' ><a target='_blank' href='../../../../Artifacts/ScreenShot49'><img style='width: 150px; border: solid 2px grey;' src='../../../../Artifacts/ScreenShot49'></img></a></div><div class='TestOutput sev'>No rows were matched</div><div class='TestOutput sev'>The locator resolution failed</div><div class='TestItemOutcome Failed'><div style='float: right; font-size: 0.8em;'><img src='../../../..//timer_16x16.gif' style='height: 16; padding-top: 2px;'/><span style='padding-bottom: 2px;'>12:36:14 (03:46.833)</span></div>Test Step failed.</div></div><div class='TestOutput off'>Loaded 10 rows from Parameter Value Source.</div><div class='ApiCallImpl'><div class='TestItemTitle'><div style='float: right; font-size: 0.8em;'><img src='../../../..//timer_16x16.gif' style='height: 16; padding-top: 2px;'/><span style='padding-bottom: 2px;'>12:36:14 (03:46.833)</span></div>Start of Test Step For Each: {ExcelData}=&gt;payrun</div><div class='TestClauseImpl'><div class='TestItemTitle'><div style='float: right; font-size: 0.8em;'><img src='../../../..//timer_16x16.gif' style='height: 16; padding-top: 2px;'/><span style='padding-bottom: 2px;'>12:36:14 (03:46.899)</span></div>Start of TestClauseImpl Sub Steps</div><div class='ApiCallImpl'><div class='TestItemTitle'><div style='float: right; font-size: 0.8em;'><img src='../../../..//timer_16x16.gif' style='height: 16; padding-top: 2px;'/><span style='padding-bottom: 2px;'>12:36:14 (03:46.899)</span></div>Start of Test Step With Employees rows {employeeName = $payrun.EmpName}</div><div style='float: right;' ><a target='_blank' href='../../../../Artifacts/ScreenShot50'><img style='width: 150px; border: solid 2px grey;' src='../../../../Artifacts/ScreenShot50'></img></a></div><div class='TestOutput sev'>The row locator did not match any rows.</div><div class='TestItemOutcome Failed'><div style='float: right; font-size: 0.8em;'><img src='../../../..//timer_16x16.gif' style='height: 16; padding-top: 2px;'/><span style='padding-bottom: 2px;'>12:36:39 (04:11.452)</span></div>Test Step failed.</div></div><div class='TestItemOutcome Failed'><div style='float: right; font-size: 0.8em;'><img src='../../../..//timer_16x16.gif' style='height: 16; padding-top: 2px;'/><span style='padding-bottom: 2px;'>12:36:39 (04:11.452)</span></div>TestClauseImpl failed.</div></div><div class='TestClauseImpl'><div class='TestItemTitle'><div style='float: right; font-size: 0.8em;'><img src='../../../..//timer_16x16.gif' style='height: 16; padding-top: 2px;'/><span style='padding-bottom: 2px;'>12:36:39 (04:11.466)</span></div>Start of TestClauseImpl Sub Steps</div><div class='ApiCallImpl'><div class='TestItemTitle'><div style='float: right; font-size: 0.8em;'><img src='../../../..//timer_16x16.gif' style='height: 16; padding-top: 2px;'/><span style='padding-bottom: 2px;'>12:36:39 (04:11.466)</span></div>Start of Test Step With Employees rows {employeeName = $payrun.EmpName}</div><div style='float: right;' ><a target='_blank' href='../../../../Artifacts/ScreenShot51'><img style='width: 150px; border: solid 2px grey;' src='../../../../Artifacts/ScreenShot51'></img></a></div><div class='TestOutput sev'>The row locator did not match any rows.</div><div class='TestItemOutcome Failed'><div style='float: right; font-size: 0.8em;'><img src='../../../..//timer_16x16.gif' style='height: 16; padding-top: 2px;'/><span style='padding-bottom: 2px;'>12:37:03 (04:36.055)</span></div>Test Step failed.</div></div><div class='TestItemOutcome Failed'><div style='float: right; font-size: 0.8em;'><img src='../../../..//timer_16x16.gif' style='height: 16; padding-top: 2px;'/><span style='padding-bottom: 2px;'>12:37:03 (04:36.055)</span></div>TestClauseImpl failed.</div></div><div class='TestClauseImpl'><div class='TestItemTitle'><div style='float: right; font-size: 0.8em;'><img src='../../../..//timer_16x16.gif' style='height: 16; padding-top: 2px;'/><span style='padding-bottom: 2px;'>12:37:03 (04:36.069)</span></div>Start of TestClauseImpl Sub Steps</div><div class='ApiCallImpl'><div class='TestItemTitle'><div style='float: right; font-size: 0.8em;'><img src='../../../..//timer_16x16.gif' style='height: 16; padding-top: 2px;'/><span style='padding-bottom: 2px;'>12:37:03 (04:36.069)</span></div>Start of Test Step With Employees rows {employeeName = $payrun.EmpName}</div><div style='float: right;' ><a target='_blank' href='../../../../Artifacts/ScreenShot52'><img style='width: 150px; border: solid 2px grey;' src='../../../../Artifacts/ScreenShot52'></img></a></div><div class='TestOutput sev'>The row locator did not match any rows.</div><div class='TestItemOutcome Failed'><div style='float: right; font-size: 0.8em;'><img src='../../../..//timer_16x16.gif' style='height: 16; padding-top: 2px;'/><span style='padding-bottom: 2px;'>12:37:28 (05:00.580)</span></div>Test Step failed.</div></div><div class='TestItemOutcome Failed'><div style='float: right; font-size: 0.8em;'><img src='../../../..//timer_16x16.gif' style='height: 16; padding-top: 2px;'/><span style='padding-bottom: 2px;'>12:37:28 (05:00.580)</span></div>TestClauseImpl failed.</div></div><div class='TestClauseImpl'><div class='TestItemTitle'><div style='float: right; font-size: 0.8em;'><img src='../../../..//timer_16x16.gif' style='height: 16; padding-top: 2px;'/><span style='padding-bottom: 2px;'>12:37:28 (05:00.593)</span></div>Start of TestClauseImpl Sub Steps</div><div class='ApiCallImpl'><div class='TestItemTitle'><div style='float: right; font-size: 0.8em;'><img src='../../../..//timer_16x16.gif' style='height: 16; padding-top: 2px;'/><span style='padding-bottom: 2px;'>12:37:28 (05:00.593)</span></div>Start of Test Step With Employees rows {employeeName = $payrun.EmpName}</div><div style='float: right;' ><a target='_blank' href='../../../../Artifacts/ScreenShot53'><img style='width: 150px; border: solid 2px grey;' src='../../../../Artifacts/ScreenShot53'></img></a></div><div class='TestOutput sev'>The row locator did not match any rows.</div><div class='TestItemOutcome Failed'><div style='float: right; font-size: 0.8em;'><img src='../../../..//timer_16x16.gif' style='height: 16; padding-top: 2px;'/><span style='padding-bottom: 2px;'>12:37:52 (05:25.204)</span></div>Test Step failed.</div></div><div class='TestItemOutcome Failed'><div style='float: right; font-size: 0.8em;'><img src='../../../..//timer_16x16.gif' style='height: 16; padding-top: 2px;'/><span style='padding-bottom: 2px;'>12:37:52 (05:25.204)</span></div>TestClauseImpl failed.</div></div><div class='TestClauseImpl'><div class='TestItemTitle'><div style='float: right; font-size: 0.8em;'><img src='../../../..//timer_16x16.gif' style='height: 16; padding-top: 2px;'/><span style='padding-bottom: 2px;'>12:37:52 (05:25.217)</span></div>Start of TestClauseImpl Sub Steps</div><div class='ApiCallImpl'><div class='TestItemTitle'><div style='float: right; font-size: 0.8em;'><img src='../../../..//timer_16x16.gif' style='height: 16; padding-top: 2px;'/><span style='padding-bottom: 2px;'>12:37:52 (05:25.217)</span></div>Start of Test Step With Employees rows {employeeName = $payrun.EmpName}</div><div style='float: right;' ><a target='_blank' href='../../../../Artifacts/ScreenShot54'><img style='width: 150px; border: solid 2px grey;' src='../../../../Artifacts/ScreenShot54'></img></a></div><div class='TestOutput sev'>The row locator did not match any rows.</div><div class='TestItemOutcome Failed'><div style='float: right; font-size: 0.8em;'><img src='../../../..//timer_16x16.gif' style='height: 16; padding-top: 2px;'/><span style='padding-bottom: 2px;'>12:38:17 (05:49.808)</span></div>Test Step failed.</div></div><div class='TestItemOutcome Failed'><div style='float: right; font-size: 0.8em;'><img src='../../../..//timer_16x16.gif' style='height: 16; padding-top: 2px;'/><span style='padding-bottom: 2px;'>12:38:17 (05:49.808)</span></div>TestClauseImpl failed.</div></div><div class='TestClauseImpl'><div class='TestItemTitle'><div style='float: right; font-size: 0.8em;'><img src='../../../..//timer_16x16.gif' style='height: 16; padding-top: 2px;'/><span style='padding-bottom: 2px;'>12:38:17 (05:49.821)</span></div>Start of TestClauseImpl Sub Steps</div><div class='ApiCallImpl'><div class='TestItemTitle'><div style='float: right; font-size: 0.8em;'><img src='../../../..//timer_16x16.gif' style='height: 16; padding-top: 2px;'/><span style='padding-bottom: 2px;'>12:38:17 (05:49.821)</span></div>Start of Test Step With Employees rows {employeeName = $payrun.EmpName}</div><div style='float: right;' ><a target='_blank' href='../../../../Artifacts/ScreenShot55'><img style='width: 150px; border: solid 2px grey;' src='../../../../Artifacts/ScreenShot55'></img></a></div><div class='TestOutput sev'>The row locator did not match any rows.</div><div class='TestItemOutcome Failed'><div style='float: right; font-size: 0.8em;'><img src='../../../..//timer_16x16.gif' style='height: 16; padding-top: 2px;'/><span style='padding-bottom: 2px;'>12:38:42 (06:14.415)</span></div>Test Step failed.</div></div><div class='TestItemOutcome Failed'><div style='float: right; font-size: 0.8em;'><img src='../../../..//timer_16x16.gif' style='height: 16; padding-top: 2px;'/><span style='padding-bottom: 2px;'>12:38:42 (06:14.415)</span></div>TestClauseImpl failed.</div></div><div class='TestClauseImpl'><div class='TestItemTitle'><div style='float: right; font-size: 0.8em;'><img src='../../../..//timer_16x16.gif' style='height: 16; padding-top: 2px;'/><span style='padding-bottom: 2px;'>12:38:42 (06:14.427)</span></div>Start of TestClauseImpl Sub Steps</div><div class='ApiCallImpl'><div class='TestItemTitle'><div style='float: right; font-size: 0.8em;'><img src='../../../..//timer_16x16.gif' style='height: 16; padding-top: 2px;'/><span style='padding-bottom: 2px;'>12:38:42 (06:14.427)</span></div>Start of Test Step With Employees rows {employeeName = $payrun.EmpName}</div><div style='float: right;' ><a target='_blank' href='../../../../Artifacts/ScreenShot56'><img style='width: 150px; border: solid 2px grey;' src='../../../../Artifacts/ScreenShot56'></img></a></div><div class='TestOutput sev'>The row locator did not match any rows.</div><div class='TestItemOutcome Failed'><div style='float: right; font-size: 0.8em;'><img src='../../../..//timer_16x16.gif' style='height: 16; padding-top: 2px;'/><span style='padding-bottom: 2px;'>12:39:06 (06:38.961)</span></div>Test Step failed.</div></div><div class='TestItemOutcome Failed'><div style='float: right; font-size: 0.8em;'><img src='../../../..//timer_16x16.gif' style='height: 16; padding-top: 2px;'/><span style='padding-bottom: 2px;'>12:39:06 (06:38.961)</span></div>TestClauseImpl failed.</div></div><div class='TestClauseImpl'><div class='TestItemTitle'><div style='float: right; font-size: 0.8em;'><img src='../../../..//timer_16x16.gif' style='height: 16; padding-top: 2px;'/><span style='padding-bottom: 2px;'>12:39:06 (06:38.976)</span></div>Start of TestClauseImpl Sub Steps</div><div class='ApiCallImpl'><div class='TestItemTitle'><div style='float: right; font-size: 0.8em;'><img src='../../../..//timer_16x16.gif' style='height: 16; padding-top: 2px;'/><span style='padding-bottom: 2px;'>12:39:06 (06:38.976)</span></div>Start of Test Step With Employees rows {employeeName = $payrun.EmpName}</div><div style='float: right;' ><a target='_blank' href='../../../../Artifacts/ScreenShot57'><img style='width: 150px; border: solid 2px grey;' src='../../../../Artifacts/ScreenShot57'></img></a></div><div class='TestOutput sev'>The row locator did not match any rows.</div><div class='TestItemOutcome Failed'><div style='float: right; font-size: 0.8em;'><img src='../../../..//timer_16x16.gif' style='height: 16; padding-top: 2px;'/><span style='padding-bottom: 2px;'>12:39:31 (07:03.556)</span></div>Test Step failed.</div></div><div class='TestItemOutcome Failed'><div style='float: right; font-size: 0.8em;'><img src='../../../..//timer_16x16.gif' style='height: 16; padding-top: 2px;'/><span style='padding-bottom: 2px;'>12:39:31 (07:03.556)</span></div>TestClauseImpl failed.</div></div><div class='TestClauseImpl'><div class='TestItemTitle'><div style='float: right; font-size: 0.8em;'><img src='../../../..//timer_16x16.gif' style='height: 16; padding-top: 2px;'/><span style='padding-bottom: 2px;'>12:39:31 (07:03.569)</span></div>Start of TestClauseImpl Sub Steps</div><div class='ApiCallImpl'><div class='TestItemTitle'><div style='float: right; font-size: 0.8em;'><img src='../../../..//timer_16x16.gif' style='height: 16; padding-top: 2px;'/><span style='padding-bottom: 2px;'>12:39:31 (07:03.569)</span></div>Start of Test Step With Employees rows {employeeName = $payrun.EmpName}</div><div style='float: right;' ><a target='_blank' href='../../../../Artifacts/ScreenShot58'><img style='width: 150px; border: solid 2px grey;' src='../../../../Artifacts/ScreenShot58'></img></a></div><div class='TestOutput sev'>The row locator did not match any rows.</div><div class='TestItemOutcome Failed'><div style='float: right; font-size: 0.8em;'><img src='../../../..//timer_16x16.gif' style='height: 16; padding-top: 2px;'/><span style='padding-bottom: 2px;'>12:39:55 (07:28.151)</span></div>Test Step failed.</div></div><div class='TestItemOutcome Failed'><div style='float: right; font-size: 0.8em;'><img src='../../../..//timer_16x16.gif' style='height: 16; padding-top: 2px;'/><span style='padding-bottom: 2px;'>12:39:55 (07:28.152)</span></div>TestClauseImpl failed.</div></div><div class='TestClauseImpl'><div class='TestItemTitle'><div style='float: right; font-size: 0.8em;'><img src='../../../..//timer_16x16.gif' style='height: 16; padding-top: 2px;'/><span style='padding-bottom: 2px;'>12:39:55 (07:28.164)</span></div>Start of TestClauseImpl Sub Steps</div><div class='ApiCallImpl'><div class='TestItemTitle'><div style='float: right; font-size: 0.8em;'><img src='../../../..//timer_16x16.gif' style='height: 16; padding-top: 2px;'/><span style='padding-bottom: 2px;'>12:39:55 (07:28.164)</span></div>Start of Test Step With Employees rows {employeeName = $payrun.EmpName}</div><div style='float: right;' ><a target='_blank' href='../../../../Artifacts/ScreenShot59'><img style='width: 150px; border: solid 2px grey;' src='../../../../Artifacts/ScreenShot59'></img></a></div><div class='TestOutput sev'>The row locator did not match any rows.</div><div class='TestItemOutcome Failed'><div style='float: right; font-size: 0.8em;'><img src='../../../..//timer_16x16.gif' style='height: 16; padding-top: 2px;'/><span style='padding-bottom: 2px;'>12:40:20 (07:52.675)</span></div>Test Step failed.</div></div><div class='TestItemOutcome Failed'><div style='float: right; font-size: 0.8em;'><img src='../../../..//timer_16x16.gif' style='height: 16; padding-top: 2px;'/><span style='padding-bottom: 2px;'>12:40:20 (07:52.675)</span></div>TestClauseImpl failed.</div></div><div class='TestItemOutcome Failed'><div style='float: right; font-size: 0.8em;'><img src='../../../..//timer_16x16.gif' style='height: 16; padding-top: 2px;'/><span style='padding-bottom: 2px;'>12:40:20 (07:52.687)</span></div>Test Step failed.</div></div><div class='ApiCallImpl'><div class='TestItemTitle'><div style='float: right; font-size: 0.8em;'><img src='../../../..//timer_16x16.gif' style='height: 16; padding-top: 2px;'/><span style='padding-bottom: 2px;'>12:40:20 (07:52.687)</span></div>Start of Test Step Click the Generate Draft button</div><div style='float: right;' ><a target='_blank' href='../../../../Artifacts/ScreenShot60'><img style='width: 150px; border: solid 2px grey;' src='../../../../Artifacts/ScreenShot60'></img></a></div><div class='TestOutput sev'>Error doing interaction.  Connection Name: Admin, cause: [NoSuchElementException: Failed to resolve Element - element not found on page.  Selenium By: By.xpath: //*[(@id='j_id0:theForm:j_id67') or (@name='j_id0:theForm:j_id67')]//center/input[2]&lt;br/&gt;For documentation on this error, please visit: http://seleniumhq.org/exceptions/no_such_element.html&lt;br/&gt;Build info: version: 'unknown', revision: 'unknown', time: 'unknown'&lt;br/&gt;System info: host: 'XCD_92WLKP2', ip: '192.168.1.12', os.name: 'Windows 10', os.arch: 'amd64', os.version: '10.0', java.version: '1.8.0_191'&lt;br/&gt;Driver info: driver.version: ProvarSeleniumDriver]</div><div class='TestItemOutcome Failed'><div style='float: right; font-size: 0.8em;'><img src='../../../..//timer_16x16.gif' style='height: 16; padding-top: 2px;'/><span style='padding-bottom: 2px;'>12:40:35 (08:07.560)</span></div>Test Step failed.</div></div><div class='ApiCallImpl'><div class='TestItemTitle'><div style='float: right; font-size: 0.8em;'><img src='../../../..//timer_16x16.gif' style='height: 16; padding-top: 2px;'/><span style='padding-bottom: 2px;'>12:40:35 (08:07.561)</span></div>Start of Test Step UI Assert</div><div class='TestItemOutcome Successful'><div style='float: right; font-size: 0.8em;'><img src='../../../..//timer_16x16.gif' style='height: 16; padding-top: 2px;'/><span style='padding-bottom: 2px;'>12:40:45 (08:17.647)</span></div>Test Step successful.</div></div><div class='ApiCallImpl'><div class='TestItemTitle'><div style='float: right; font-size: 0.8em;'><img src='../../../..//timer_16x16.gif' style='height: 16; padding-top: 2px;'/><span style='padding-bottom: 2px;'>12:40:45 (08:17.647)</span></div>Start of Test Step Wait For: {DraftStatus.fields.draftStatus.value = "Draft"}=&gt;{10}</div><div class='TestClauseImpl'><div class='TestItemTitle'><div style='float: right; font-size: 0.8em;'><img src='../../../..//timer_16x16.gif' style='height: 16; padding-top: 2px;'/><span style='padding-bottom: 2px;'>12:40:55 (08:27.655)</span></div>Start of TestClauseImpl Sub Steps</div><div class='ApiCallImpl'><div class='TestItemTitle'><div style='float: right; font-size: 0.8em;'><img src='../../../..//timer_16x16.gif' style='height: 16; padding-top: 2px;'/><span style='padding-bottom: 2px;'>12:40:55 (08:27.656)</span></div>Start of Test Step UI Assert</div><div class='TestItemOutcome Successful'><div style='float: right; font-size: 0.8em;'><img src='../../../..//timer_16x16.gif' style='height: 16; padding-top: 2px;'/><span style='padding-bottom: 2px;'>12:41:05 (08:37.743)</span></div>Test Step successful.</div></div><div class='TestItemOutcome Successful'><div style='float: right; font-size: 0.8em;'><img src='../../../..//timer_16x16.gif' style='height: 16; padding-top: 2px;'/><span style='padding-bottom: 2px;'>12:41:05 (08:37.743)</span></div>TestClauseImpl successful.</div></div><div class='TestClauseImpl'><div class='TestItemTitle'><div style='float: right; font-size: 0.8em;'><img src='../../../..//timer_16x16.gif' style='height: 16; padding-top: 2px;'/><span style='padding-bottom: 2px;'>12:41:15 (08:47.749)</span></div>Start of TestClauseImpl Sub Steps</div><div class='ApiCallImpl'><div class='TestItemTitle'><div style='float: right; font-size: 0.8em;'><img src='../../../..//timer_16x16.gif' style='height: 16; padding-top: 2px;'/><span style='padding-bottom: 2px;'>12:41:15 (08:47.749)</span></div>Start of Test Step UI Assert</div><div class='TestItemOutcome Successful'><div style='float: right; font-size: 0.8em;'><img src='../../../..//timer_16x16.gif' style='height: 16; padding-top: 2px;'/><span style='padding-bottom: 2px;'>12:41:25 (08:57.821)</span></div>Test Step successful.</div></div><div class='TestItemOutcome Successful'><div style='float: right; font-size: 0.8em;'><img src='../../../..//timer_16x16.gif' style='height: 16; padding-top: 2px;'/><span style='padding-bottom: 2px;'>12:41:25 (08:57.821)</span></div>TestClauseImpl successful.</div></div><div class='TestClauseImpl'><div class='TestItemTitle'><div style='float: right; font-size: 0.8em;'><img src='../../../..//timer_16x16.gif' style='height: 16; padding-top: 2px;'/><span style='padding-bottom: 2px;'>12:41:35 (09:07.834)</span></div>Start of TestClauseImpl Sub Steps</div><div class='ApiCallImpl'><div class='TestItemTitle'><div style='float: right; font-size: 0.8em;'><img src='../../../..//timer_16x16.gif' style='height: 16; padding-top: 2px;'/><span style='padding-bottom: 2px;'>12:41:35 (09:07.835)</span></div>Start of Test Step UI Assert</div><div class='TestItemOutcome Successful'><div style='float: right; font-size: 0.8em;'><img src='../../../..//timer_16x16.gif' style='height: 16; padding-top: 2px;'/><span style='padding-bottom: 2px;'>12:41:45 (09:17.911)</span></div>Test Step successful.</div></div><div class='TestItemOutcome Successful'><div style='float: right; font-size: 0.8em;'><img src='../../../..//timer_16x16.gif' style='height: 16; padding-top: 2px;'/><span style='padding-bottom: 2px;'>12:41:45 (09:17.911)</span></div>TestClauseImpl successful.</div></div><div class='TestClauseImpl'><div class='TestItemTitle'><div style='float: right; font-size: 0.8em;'><img src='../../../..//timer_16x16.gif' style='height: 16; padding-top: 2px;'/><span style='padding-bottom: 2px;'>12:41:55 (09:27.922)</span></div>Start of TestClauseImpl Sub Steps</div><div class='ApiCallImpl'><div class='TestItemTitle'><div style='float: right; font-size: 0.8em;'><img src='../../../..//timer_16x16.gif' style='height: 16; padding-top: 2px;'/><span style='padding-bottom: 2px;'>12:41:55 (09:27.923)</span></div>Start of Test Step UI Assert</div><div class='TestItemOutcome Successful'><div style='float: right; font-size: 0.8em;'><img src='../../../..//timer_16x16.gif' style='height: 16; padding-top: 2px;'/><span style='padding-bottom: 2px;'>12:42:05 (09:37.983)</span></div>Test Step successful.</div></div><div class='TestItemOutcome Successful'><div style='float: right; font-size: 0.8em;'><img src='../../../..//timer_16x16.gif' style='height: 16; padding-top: 2px;'/><span style='padding-bottom: 2px;'>12:42:05 (09:37.983)</span></div>TestClauseImpl successful.</div></div><div class='TestClauseImpl'><div class='TestItemTitle'><div style='float: right; font-size: 0.8em;'><img src='../../../..//timer_16x16.gif' style='height: 16; padding-top: 2px;'/><span style='padding-bottom: 2px;'>12:42:15 (09:47.993)</span></div>Start of TestClauseImpl Sub Steps</div><div class='ApiCallImpl'><div class='TestItemTitle'><div style='float: right; font-size: 0.8em;'><img src='../../../..//timer_16x16.gif' style='height: 16; padding-top: 2px;'/><span style='padding-bottom: 2px;'>12:42:15 (09:47.993)</span></div>Start of Test Step UI Assert</div><div class='TestItemOutcome Successful'><div style='float: right; font-size: 0.8em;'><img src='../../../..//timer_16x16.gif' style='height: 16; padding-top: 2px;'/><span style='padding-bottom: 2px;'>12:42:25 (09:58.062)</span></div>Test Step successful.</div></div><div class='TestItemOutcome Successful'><div style='float: right; font-size: 0.8em;'><img src='../../../..//timer_16x16.gif' style='height: 16; padding-top: 2px;'/><span style='padding-bottom: 2px;'>12:42:25 (09:58.062)</span></div>TestClauseImpl successful.</div></div><div class='TestOutput sev'>Failing Test Step because the Loop Limit has been reached.</div><div class='TestItemOutcome Failed'><div style='float: right; font-size: 0.8em;'><img src='../../../..//timer_16x16.gif' style='height: 16; padding-top: 2px;'/><span style='padding-bottom: 2px;'>12:42:25 (09:58.068)</span></div>Test Step failed.</div></div><div class='TestOutput sev'>One or more Sub-Test Steps failed.</div><div class='TestItemOutcome Failed'><div style='float: right; font-size: 0.8em;'><img src='../../../..//timer_16x16.gif' style='height: 16; padding-top: 2px;'/><span style='padding-bottom: 2px;'>12:42:27 (10:00.110)</span></div>Test Step failed.</div></div><div class='ApiCallImpl'><div class='TestItemTitle'><div style='float: right; font-size: 0.8em;'><img src='../../../..//timer_16x16.gif' style='height: 16; padding-top: 2px;'/><span style='padding-bottom: 2px;'>12:42:27 (10:00.111)</span></div>Start of Test Step If: {DraftStatus.fields.draftStatus.value = "Draft"}</div><div class='TestClauseImpl'><div class='TestItemTitle'><div style='float: right; font-size: 0.8em;'><img src='../../../..//timer_16x16.gif' style='height: 16; padding-top: 2px;'/><span style='padding-bottom: 2px;'>12:42:27 (10:00.119)</span></div>Start of TestClauseImpl Else</div><div class='ApiCallImpl'><div class='TestItemTitle'><div style='float: right; font-size: 0.8em;'><img src='../../../..//timer_16x16.gif' style='height: 16; padding-top: 2px;'/><span style='padding-bottom: 2px;'>12:42:27 (10:00.119)</span></div>Start of Test Step Navigate: Refresh</div><div class='TestOutput sev'>The required connection name isn't present.  This should come from the containing With Screen API.</div><div class='TestOutput sev'>The required connection name isn't present.  This should come from the containing With Screen API.</div><div class='TestItemOutcome Failed'><div style='float: right; font-size: 0.8em;'><img src='../../../..//timer_16x16.gif' style='height: 16; padding-top: 2px;'/><span style='padding-bottom: 2px;'>12:42:27 (10:00.130)</span></div>Test Step failed.</div></div><div class='ApiCallImpl'><div class='TestItemTitle'><div style='float: right; font-size: 0.8em;'><img src='../../../..//timer_16x16.gif' style='height: 16; padding-top: 2px;'/><span style='padding-bottom: 2px;'>12:42:27 (10:00.130)</span></div>Start of Test Step Sleep for {20} seconds</div><div class='TestOutput off'>Timed sleep successful.  Requested duration(seconds): 20, Actual duration(seconds): 20</div><div class='TestItemOutcome Successful'><div style='float: right; font-size: 0.8em;'><img src='../../../..//timer_16x16.gif' style='height: 16; padding-top: 2px;'/><span style='padding-bottom: 2px;'>12:42:47 (10:20.133)</span></div>Test Step successful.</div></div><div class='ApiCallImpl'><div class='TestItemTitle'><div style='float: right; font-size: 0.8em;'><img src='../../../..//timer_16x16.gif' style='height: 16; padding-top: 2px;'/><span style='padding-bottom: 2px;'>12:42:47 (10:20.133)</span></div>Start of Test Step On SF xcdhcm__PayrollPeriod page with pageobject Xcdhcm__ Payroll Period</div><div class='ApiCallImpl'><div class='TestItemTitle'><div style='float: right; font-size: 0.8em;'><img src='../../../..//timer_16x16.gif' style='height: 16; padding-top: 2px;'/><span style='padding-bottom: 2px;'>12:42:48 (10:20.255)</span></div>Start of Test Step UI Assert</div><div class='TestItemOutcome Successful'><div style='float: right; font-size: 0.8em;'><img src='../../../..//timer_16x16.gif' style='height: 16; padding-top: 2px;'/><span style='padding-bottom: 2px;'>12:42:58 (10:30.320)</span></div>Test Step successful.</div></div><div class='ApiCallImpl'><div class='TestItemTitle'>Test Step Wait For: {DraftStatus.fields.draftStatus.value = "Draft"}=&gt;{30} SKIPPED</div></div><div class='TestItemOutcome Successful'><div style='float: right; font-size: 0.8em;'><img src='../../../..//timer_16x16.gif' style='height: 16; padding-top: 2px;'/><span style='padding-bottom: 2px;'>12:43:00 (10:32.354)</span></div>Test Step successful.</div></div><div class='ApiCallImpl'><div class='TestItemTitle'><div style='float: right; font-size: 0.8em;'><img src='../../../..//timer_16x16.gif' style='height: 16; padding-top: 2px;'/><span style='padding-bottom: 2px;'>12:43:00 (10:32.354)</span></div>Start of Test Step If: {DraftStatus.fields.draftStatus.value = "Draft"}</div><div class='TestClauseImpl'><div class='TestItemTitle'><div style='float: right; font-size: 0.8em;'><img src='../../../..//timer_16x16.gif' style='height: 16; padding-top: 2px;'/><span style='padding-bottom: 2px;'>12:43:00 (10:32.360)</span></div>Start of TestClauseImpl Else</div><div class='ApiCallImpl'><div class='TestItemTitle'><div style='float: right; font-size: 0.8em;'><img src='../../../..//timer_16x16.gif' style='height: 16; padding-top: 2px;'/><span style='padding-bottom: 2px;'>12:43:00 (10:32.361)</span></div>Start of Test Step On SF xcdhcm__PayrollPeriod page with pageobject Xcdhcm__ Payroll Period</div><div class='ApiCallImpl'><div class='TestItemTitle'><div style='float: right; font-size: 0.8em;'><img src='../../../..//timer_16x16.gif' style='height: 16; padding-top: 2px;'/><span style='padding-bottom: 2px;'>12:43:00 (10:32.474)</span></div>Start of Test Step Click the Generate Draft button</div><div style='float: right;' ><a target='_blank' href='../../../../Artifacts/ScreenShot61'><img style='width: 150px; border: solid 2px grey;' src='../../../../Artifacts/ScreenShot61'></img></a></div><div class='TestOutput sev'>Error doing interaction.  Connection Name: Admin, cause: [NoSuchElementException: Failed to resolve Element - element not found on page.  Selenium By: By.xpath: //*[(@id='j_id0:theForm:j_id67') or (@name='j_id0:theForm:j_id67')]//center/input[2]&lt;br/&gt;For documentation on this error, please visit: http://seleniumhq.org/exceptions/no_such_element.html&lt;br/&gt;Build info: version: 'unknown', revision: 'unknown', time: 'unknown'&lt;br/&gt;System info: host: 'XCD_92WLKP2', ip: '192.168.1.12', os.name: 'Windows 10', os.arch: 'amd64', os.version: '10.0', java.version: '1.8.0_191'&lt;br/&gt;Driver info: driver.version: ProvarSeleniumDriver]</div><div class='TestItemOutcome Failed'><div style='float: right; font-size: 0.8em;'><img src='../../../..//timer_16x16.gif' style='height: 16; padding-top: 2px;'/><span style='padding-bottom: 2px;'>12:43:15 (10:47.261)</span></div>Test Step failed.</div></div><div class='ApiCallImpl'><div class='TestItemTitle'><div style='float: right; font-size: 0.8em;'><img src='../../../..//timer_16x16.gif' style='height: 16; padding-top: 2px;'/><span style='padding-bottom: 2px;'>12:43:15 (10:47.261)</span></div>Start of Test Step UI Assert</div><div class='TestItemOutcome Successful'><div style='float: right; font-size: 0.8em;'><img src='../../../..//timer_16x16.gif' style='height: 16; padding-top: 2px;'/><span style='padding-bottom: 2px;'>12:43:25 (10:57.351)</span></div>Test Step successful.</div></div><div class='ApiCallImpl'><div class='TestItemTitle'>Test Step Wait For: {DraftStatus.fields.draftStatus.value = "Draft"}=&gt;{30} SKIPPED</div></div><div class='TestOutput sev'>One or more Sub-Test Steps failed.</div><div class='TestItemOutcome Failed'><div style='float: right; font-size: 0.8em;'><img src='../../../..//timer_16x16.gif' style='height: 16; padding-top: 2px;'/><span style='padding-bottom: 2px;'>12:43:27 (10:59.388)</span></div>Test Step failed.</div></div><div class='ApiCallImpl'><div class='TestItemTitle'><div style='float: right; font-size: 0.8em;'><img src='../../../..//timer_16x16.gif' style='height: 16; padding-top: 2px;'/><span style='padding-bottom: 2px;'>12:43:27 (10:59.388)</span></div>Start of Test Step If: {DraftStatus.fields.draftStatus.value = "Draft"}</div><div class='TestItemOutcome Successful'><div style='float: right; font-size: 0.8em;'><img src='../../../..//timer_16x16.gif' style='height: 16; padding-top: 2px;'/><span style='padding-bottom: 2px;'>12:43:27 (10:59.395)</span></div>Test Step successful.</div></div><div class='TestItemOutcome Failed'><div style='float: right; font-size: 0.8em;'><img src='../../../..//timer_16x16.gif' style='height: 16; padding-top: 2px;'/><span style='padding-bottom: 2px;'>12:43:27 (10:59.395)</span></div>TestClauseImpl failed.</div></div><div class='TestItemOutcome Failed'><div style='float: right; font-size: 0.8em;'><img src='../../../..//timer_16x16.gif' style='height: 16; padding-top: 2px;'/><span style='padding-bottom: 2px;'>12:43:27 (10:59.395)</span></div>Test Step failed.</div></div><div class='TestItemOutcome Failed'><div style='float: right; font-size: 0.8em;'><img src='../../../..//timer_16x16.gif' style='height: 16; padding-top: 2px;'/><span style='padding-bottom: 2px;'>12:43:27 (10:59.395)</span></div>TestClauseImpl failed.</div></div><div class='TestItemOutcome Failed'><div style='float: right; font-size: 0.8em;'><img src='../../../..//timer_16x16.gif' style='height: 16; padding-top: 2px;'/><span style='padding-bottom: 2px;'>12:43:27 (10:59.395)</span></div>Test Step failed.</div></div><div class='TestItemOutcome Failed'><div style='float: right; font-size: 0.8em;'><img src='../../../..//timer_16x16.gif' style='height: 16; padding-top: 2px;'/><span style='padding-bottom: 2px;'>12:43:27 (10:59.396)</span></div>Test Case failed.</div></div><div class='TestOutput off'>Salesforce Connection closed successfully.  Name: Admin</div>
	</div></body>
</html>
