<?xml version="1.0" encoding="UTF-8"?>
<testsuite name="PayrollProject/tests" tests="7" failures="3" skipped="0" hostname="XCD_92WLKP2" time="2373.201" timestamp="Mon Jul 01 13:28:40 IST 2019">
	<properties>
		<property name="excludeCallableTestCases" value="true"/>
		<property name="testEnvironment" value=""/>
		<property name="pluginOutputLevel" value="WARNING"/>
		<property name="projectPath" value=".."/>
		<property name="salesforceMetadataCache" value="Reuse"/>
		<property name="resultsPathDisposition" value="Increment"/>
		<property name="testOutputLevel" value="WARNING"/>
		<property name="webBrowserType" value="Google Chrome"/>
		<property name="resultsPath" value="../ANT/Results"/>
		<property name="webBrowserConfiguration" value="Full Screen"/>
		<property name="projectCachePath" value="C:\Users\AzizMugdal\git\24-7PeopleXCDPayroll\PayrollProject\ANT\..\..\.provarCaches"/>
	</properties>
	<testcase classname="tests/Payroll HMRC NI Project Tax year 2019-20\Payroll NI 4 Weekly Tax year 2019_20\Optimized NI 4 Weekly scripts\A_NIFourWeeklyCatATestScript.testcase" name="A_NIFourWeeklyCatATestScript.testcase" time="336.3">
	</testcase>
	<testcase classname="tests/Payroll HMRC NI Project Tax year 2019-20\Payroll NI 4 Weekly Tax year 2019_20\Optimized NI 4 Weekly scripts\B_NIFourWeeklyCatBTestScript.testcase" name="B_NIFourWeeklyCatBTestScript.testcase" time="458.959">
	</testcase>
	<testcase classname="tests/Payroll HMRC NI Project Tax year 2019-20\Payroll NI 4 Weekly Tax year 2019_20\Optimized NI 4 Weekly scripts\C_NIFourWeeklyCatCTestScript.testcase" name="C_NIFourWeeklyCatCTestScript.testcase" time="313.908">
		<failure message="Execution failed"><![CDATA[The PageObject's built-in wait failed.  Cause: [WebDriverException: unknown error: unhandled inspector error: {"code":-32000,"message":"Cannot find context with specified id"}
  (Session info: chrome=75.0.3770.100)
  (Driver info: chromedriver=2.46.628402 (536cd7adbad73a3783fdc2cab92ab2ba7ec361e1),platform=Windows NT 10.0.17763 x86_64) (WARNING: The server did not provide any stacktrace information)
Command duration or timeout: 86 milliseconds
Build info: version: 'unknown', revision: 'unknown', time: 'unknown'
System info: host: 'XCD_92WLKP2', ip: '192.168.1.103', os.name: 'Windows 10', os.arch: 'amd64', os.version: '10.0', java.version: '1.8.0_191'
Driver info: org.openqa.selenium.chrome.ChromeDriver
Capabilities [{mobileEmulationEnabled=false, timeouts={implicit=0.0, pageLoad=300000.0, script=30000.0}, hasTouchScreen=false, platform=XP, acceptSslCerts=false, goog:chromeOptions={debuggerAddress=localhost:55214}, acceptInsecureCerts=false, webStorageEnabled=true, browserName=chrome, takesScreenshot=true, javascriptEnabled=true, setWindowRect=true, unexpectedAlertBehaviour=ignore, applicationCacheEnabled=false, rotatable=false, networkConnectionEnabled=false, chrome={chromedriverVersion=2.46.628402 (536cd7adbad73a3783fdc2cab92ab2ba7ec361e1), userDataDir=C:\Users\AzizMugdal\git\24-7PeopleXCDPayroll\.provarCaches\.chromeProfiles\profile2}, takesHeapSnapshot=true, pageLoadStrategy=normal, strictFileInteractability=false, databaseEnabled=false, handlesAlerts=true, version=75.0.3770.100, browserConnectionEnabled=false, proxy=Proxy(direct), nativeEvents=true, locationContextEnabled=true, cssSelectorsEnabled=true}]
Session ID: 2e344e5317970cd184b46297d470a1c1]]]></failure>
	</testcase>
	<testcase classname="tests/Payroll HMRC NI Project Tax year 2019-20\Payroll NI 4 Weekly Tax year 2019_20\Optimized NI 4 Weekly scripts\D_NIFourWeeklyCatHTestScript.testcase" name="D_NIFourWeeklyCatHTestScript.testcase" time="299.704">
	</testcase>
	<testcase classname="tests/Payroll HMRC NI Project Tax year 2019-20\Payroll NI 4 Weekly Tax year 2019_20\Optimized NI 4 Weekly scripts\E_NIFourWeeklyCatJTestScript.testcase" name="E_NIFourWeeklyCatJTestScript.testcase" time="303.145">
	</testcase>
	<testcase classname="tests/Payroll HMRC NI Project Tax year 2019-20\Payroll NI 4 Weekly Tax year 2019_20\Optimized NI 4 Weekly scripts\F_NIFourWeeklyCatMTestScript.testcase" name="F_NIFourWeeklyCatMTestScript.testcase" time="310.927">
		<failure message="Execution failed"><![CDATA[The PageObject's built-in wait failed.  Cause: [WebDriverException: unknown error: unhandled inspector error: {"code":-32000,"message":"Cannot find context with specified id"}
  (Session info: chrome=75.0.3770.100)
  (Driver info: chromedriver=2.46.628402 (536cd7adbad73a3783fdc2cab92ab2ba7ec361e1),platform=Windows NT 10.0.17763 x86_64) (WARNING: The server did not provide any stacktrace information)
Command duration or timeout: 82 milliseconds
Build info: version: 'unknown', revision: 'unknown', time: 'unknown'
System info: host: 'XCD_92WLKP2', ip: '192.168.1.103', os.name: 'Windows 10', os.arch: 'amd64', os.version: '10.0', java.version: '1.8.0_191'
Driver info: org.openqa.selenium.chrome.ChromeDriver
Capabilities [{mobileEmulationEnabled=false, timeouts={implicit=0.0, pageLoad=300000.0, script=30000.0}, hasTouchScreen=false, platform=XP, acceptSslCerts=false, goog:chromeOptions={debuggerAddress=localhost:55631}, acceptInsecureCerts=false, webStorageEnabled=true, browserName=chrome, takesScreenshot=true, javascriptEnabled=true, setWindowRect=true, unexpectedAlertBehaviour=ignore, applicationCacheEnabled=false, rotatable=false, networkConnectionEnabled=false, chrome={chromedriverVersion=2.46.628402 (536cd7adbad73a3783fdc2cab92ab2ba7ec361e1), userDataDir=C:\Users\AzizMugdal\git\24-7PeopleXCDPayroll\.provarCaches\.chromeProfiles\profile5}, takesHeapSnapshot=true, pageLoadStrategy=normal, strictFileInteractability=false, databaseEnabled=false, handlesAlerts=true, version=75.0.3770.100, browserConnectionEnabled=false, proxy=Proxy(direct), nativeEvents=true, locationContextEnabled=true, cssSelectorsEnabled=true}]
Session ID: a9860f006917dd20f01087255c2914dc]]]></failure>
	</testcase>
	<testcase classname="tests/Payroll HMRC NI Project Tax year 2019-20\Payroll NI 4 Weekly Tax year 2019_20\Optimized NI 4 Weekly scripts\G_NIFourWeeklyCatZTestScript.testcase" name="G_NIFourWeeklyCatZTestScript.testcase" time="324.317">
		<failure message="Execution failed"><![CDATA[The row locator did not match any rows.]]></failure>
	</testcase>
</testsuite>
