<?xml version="1.0" encoding="UTF-8"?>
<testsuite name="PayrollProject/tests" tests="7" failures="5" skipped="0" hostname="XCD_92WLKP2" time="3467.9" timestamp="Tue Jul 02 13:29:33 IST 2019">
	<properties>
		<property name="excludeCallableTestCases" value="true"/>
		<property name="testEnvironment" value=""/>
		<property name="pluginOutputLevel" value="WARNING"/>
		<property name="projectPath" value=".."/>
		<property name="salesforceMetadataCache" value="Reuse"/>
		<property name="resultsPathDisposition" value="Increment"/>
		<property name="testOutputLevel" value="WARNING"/>
		<property name="webBrowserType" value="Google Chrome"/>
		<property name="resultsPath" value="../ANT/Results"/>
		<property name="webBrowserConfiguration" value="Full Screen"/>
		<property name="projectCachePath" value="C:\Users\AzizMugdal\git\24-7PeopleXCDPayroll\PayrollProject\ANT\..\..\.provarCaches"/>
	</properties>
	<testcase classname="tests/Payroll HMRC NI Project Tax year 2019-20\Payroll NI Monthly Tax year 2019_20\Optimized NI Monthly Tax scripts\A_NIMonthlyCatATestScript.testcase" name="A_NIMonthlyCatATestScript.testcase" time="340.444">
	</testcase>
	<testcase classname="tests/Payroll HMRC NI Project Tax year 2019-20\Payroll NI Monthly Tax year 2019_20\Optimized NI Monthly Tax scripts\B_NIMonthlyCatBTestScript.testcase" name="B_NIMonthlyCatBTestScript.testcase" time="307.898">
	</testcase>
	<testcase classname="tests/Payroll HMRC NI Project Tax year 2019-20\Payroll NI Monthly Tax year 2019_20\Optimized NI Monthly Tax scripts\C_NIMonthlyCatCTestScript.testcase" name="C_NIMonthlyCatCTestScript.testcase" time="419.056">
		<failure message="Execution failed"><![CDATA[Failing Test Step because the Loop Limit has been reached.]]></failure>
	</testcase>
	<testcase classname="tests/Payroll HMRC NI Project Tax year 2019-20\Payroll NI Monthly Tax year 2019_20\Optimized NI Monthly Tax scripts\D_NIMonthlyCatHTestScript.testcase" name="D_NIMonthlyCatHTestScript.testcase" time="585.442">
		<failure message="Execution failed"><![CDATA[Failed to set the value of the Condition parameter.  Cause: Expecting numeric values, but found <null> and numeric]]></failure>
	</testcase>
	<testcase classname="tests/Payroll HMRC NI Project Tax year 2019-20\Payroll NI Monthly Tax year 2019_20\Optimized NI Monthly Tax scripts\E_NIMonthlyCatJTestScript.testcase" name="E_NIMonthlyCatJTestScript.testcase" time="588.665">
		<failure message="Execution failed"><![CDATA[Failed to set the value of the Condition parameter.  Cause: Expecting numeric values, but found <null> and numeric]]></failure>
	</testcase>
	<testcase classname="tests/Payroll HMRC NI Project Tax year 2019-20\Payroll NI Monthly Tax year 2019_20\Optimized NI Monthly Tax scripts\F_NIMonthlyCatMTestScript.testcase" name="F_NIMonthlyCatMTestScript.testcase" time="593.876">
		<failure message="Execution failed"><![CDATA[Field not found on Page Object.  Parent class: pageobjects.PayRunTableVFPage, field: generatePeriod]]></failure>
	</testcase>
	<testcase classname="tests/Payroll HMRC NI Project Tax year 2019-20\Payroll NI Monthly Tax year 2019_20\Optimized NI Monthly Tax scripts\G_NIMonthlyCatZTestScript.testcase" name="G_NIMonthlyCatZTestScript.testcase" time="599.448">
		<failure message="Execution failed"><![CDATA[The PageObject's built-in wait failed.  Cause: [WebDriverException: unknown error: unhandled inspector error: {"code":-32000,"message":"Cannot find context with specified id"}
  (Session info: chrome=75.0.3770.100)
  (Driver info: chromedriver=2.46.628402 (536cd7adbad73a3783fdc2cab92ab2ba7ec361e1),platform=Windows NT 10.0.17763 x86_64) (WARNING: The server did not provide any stacktrace information)
Command duration or timeout: 89 milliseconds
Build info: version: 'unknown', revision: 'unknown', time: 'unknown'
System info: host: 'XCD_92WLKP2', ip: '192.168.1.103', os.name: 'Windows 10', os.arch: 'amd64', os.version: '10.0', java.version: '1.8.0_191'
Driver info: org.openqa.selenium.chrome.ChromeDriver
Capabilities [{mobileEmulationEnabled=false, timeouts={implicit=0.0, pageLoad=300000.0, script=30000.0}, hasTouchScreen=false, platform=XP, acceptSslCerts=false, goog:chromeOptions={debuggerAddress=localhost:61731}, acceptInsecureCerts=false, webStorageEnabled=true, browserName=chrome, takesScreenshot=true, javascriptEnabled=true, setWindowRect=true, unexpectedAlertBehaviour=ignore, applicationCacheEnabled=false, rotatable=false, networkConnectionEnabled=false, chrome={chromedriverVersion=2.46.628402 (536cd7adbad73a3783fdc2cab92ab2ba7ec361e1), userDataDir=C:\Users\AzizMugdal\git\24-7PeopleXCDPayroll\.provarCaches\.chromeProfiles\profile3}, takesHeapSnapshot=true, pageLoadStrategy=normal, strictFileInteractability=false, databaseEnabled=false, handlesAlerts=true, version=75.0.3770.100, browserConnectionEnabled=false, proxy=Proxy(direct), nativeEvents=true, locationContextEnabled=true, cssSelectorsEnabled=true}]
Session ID: f0d8c2383b1b38a6326c44a001754e7b]]]></failure>
	</testcase>
</testsuite>
